0000              1   ;--------------------------------------------------------
0000              2   ; File Created by C51
0000              3   ; Version 1.0.0 #1170 (Feb 16 2022) (MSVC)
0000              4   ; This file was generated Mon Mar 02 12:25:14 2026
0000              5   ;--------------------------------------------------------
                  5   $name lab5
                  6   $optc51 --model-small
0000              8            R_DSEG    segment data
0000              9            R_CSEG    segment code
0000             10            R_BSEG    segment bit
0000             11            R_XSEG    segment xdata
0000             12            R_PSEG    segment xdata
0000             13            R_ISEG    segment idata
0000             14            R_OSEG    segment data overlay
0000             15            BIT_BANK  segment data overlay
0000             16            R_HOME    segment code
0000             17            R_GSINIT  segment code
0000             18            R_IXSEG   segment xdata
0000             19            R_CONST   segment code
0000             20            R_XINIT   segment code
0000             21            R_DINIT   segment code
0000             22   
0000             23   ;--------------------------------------------------------
0000             24   ; Public variables in this module
0000             25   ;--------------------------------------------------------
0000             26            public _InitPinADC_PARM_2
0000             27            public _main
0000             28            public _measure_zero_cross_time
0000             29            public _measure_period
0000             30            public _read_ripple_voltage
0000             31            public _init_pin_input
0000             32            public _Volts_at_Pin
0000             33            public _ADC_at_Pin
0000             34            public _TIMER0_Init
0000             35            public _InitPinADC
0000             36            public _waitms
0000             37            public _Timer3us
0000             38            public _InitADC
0000             39            public __c51_external_startup
0000             40            public _last_accept_frequency
0000             41   ;--------------------------------------------------------
0000             42   ; Special Function Registers
0000             43   ;--------------------------------------------------------
0000             44   _ACC            DATA 0xe0
0000             45   _ADC0ASAH       DATA 0xb6
0000             46   _ADC0ASAL       DATA 0xb5
0000             47   _ADC0ASCF       DATA 0xa1
0000             48   _ADC0ASCT       DATA 0xc7
0000             49   _ADC0CF0        DATA 0xbc
0000             50   _ADC0CF1        DATA 0xb9
0000             51   _ADC0CF2        DATA 0xdf
0000             52   _ADC0CN0        DATA 0xe8
0000             53   _ADC0CN1        DATA 0xb2
0000             54   _ADC0CN2        DATA 0xb3
0000             55   _ADC0GTH        DATA 0xc4
0000             56   _ADC0GTL        DATA 0xc3
0000             57   _ADC0H          DATA 0xbe
0000             58   _ADC0L          DATA 0xbd
0000             59   _ADC0LTH        DATA 0xc6
0000             60   _ADC0LTL        DATA 0xc5
0000             61   _ADC0MX         DATA 0xbb
0000             62   _B              DATA 0xf0
0000             63   _CKCON0         DATA 0x8e
0000             64   _CKCON1         DATA 0xa6
0000             65   _CLEN0          DATA 0xc6
0000             66   _CLIE0          DATA 0xc7
0000             67   _CLIF0          DATA 0xe8
0000             68   _CLKSEL         DATA 0xa9
0000             69   _CLOUT0         DATA 0xd1
0000             70   _CLU0CF         DATA 0xb1
0000             71   _CLU0FN         DATA 0xaf
0000             72   _CLU0MX         DATA 0x84
0000             73   _CLU1CF         DATA 0xb3
0000             74   _CLU1FN         DATA 0xb2
0000             75   _CLU1MX         DATA 0x85
0000             76   _CLU2CF         DATA 0xb6
0000             77   _CLU2FN         DATA 0xb5
0000             78   _CLU2MX         DATA 0x91
0000             79   _CLU3CF         DATA 0xbf
0000             80   _CLU3FN         DATA 0xbe
0000             81   _CLU3MX         DATA 0xae
0000             82   _CMP0CN0        DATA 0x9b
0000             83   _CMP0CN1        DATA 0x99
0000             84   _CMP0MD         DATA 0x9d
0000             85   _CMP0MX         DATA 0x9f
0000             86   _CMP1CN0        DATA 0xbf
0000             87   _CMP1CN1        DATA 0xac
0000             88   _CMP1MD         DATA 0xab
0000             89   _CMP1MX         DATA 0xaa
0000             90   _CRC0CN0        DATA 0xce
0000             91   _CRC0CN1        DATA 0x86
0000             92   _CRC0CNT        DATA 0xd3
0000             93   _CRC0DAT        DATA 0xcb
0000             94   _CRC0FLIP       DATA 0xcf
0000             95   _CRC0IN         DATA 0xca
0000             96   _CRC0ST         DATA 0xd2
0000             97   _DAC0CF0        DATA 0x91
0000             98   _DAC0CF1        DATA 0x92
0000             99   _DAC0H          DATA 0x85
0000            100   _DAC0L          DATA 0x84
0000            101   _DAC1CF0        DATA 0x93
0000            102   _DAC1CF1        DATA 0x94
0000            103   _DAC1H          DATA 0x8a
0000            104   _DAC1L          DATA 0x89
0000            105   _DAC2CF0        DATA 0x95
0000            106   _DAC2CF1        DATA 0x96
0000            107   _DAC2H          DATA 0x8c
0000            108   _DAC2L          DATA 0x8b
0000            109   _DAC3CF0        DATA 0x9a
0000            110   _DAC3CF1        DATA 0x9c
0000            111   _DAC3H          DATA 0x8e
0000            112   _DAC3L          DATA 0x8d
0000            113   _DACGCF0        DATA 0x88
0000            114   _DACGCF1        DATA 0x98
0000            115   _DACGCF2        DATA 0xa2
0000            116   _DERIVID        DATA 0xad
0000            117   _DEVICEID       DATA 0xb5
0000            118   _DPH            DATA 0x83
0000            119   _DPL            DATA 0x82
0000            120   _EIE1           DATA 0xe6
0000            121   _EIE2           DATA 0xf3
0000            122   _EIP1           DATA 0xbb
0000            123   _EIP1H          DATA 0xee
0000            124   _EIP2           DATA 0xed
0000            125   _EIP2H          DATA 0xf6
0000            126   _EMI0CN         DATA 0xe7
0000            127   _FLKEY          DATA 0xb7
0000            128   _HFO0CAL        DATA 0xc7
0000            129   _HFO1CAL        DATA 0xd6
0000            130   _HFOCN          DATA 0xef
0000            131   _I2C0ADM        DATA 0xff
0000            132   _I2C0CN0        DATA 0xba
0000            133   _I2C0DIN        DATA 0xbc
0000            134   _I2C0DOUT       DATA 0xbb
0000            135   _I2C0FCN0       DATA 0xad
0000            136   _I2C0FCN1       DATA 0xab
0000            137   _I2C0FCT        DATA 0xf5
0000            138   _I2C0SLAD       DATA 0xbd
0000            139   _I2C0STAT       DATA 0xb9
0000            140   _IE             DATA 0xa8
0000            141   _IP             DATA 0xb8
0000            142   _IPH            DATA 0xf2
0000            143   _IT01CF         DATA 0xe4
0000            144   _LFO0CN         DATA 0xb1
0000            145   _P0             DATA 0x80
0000            146   _P0MASK         DATA 0xfe
0000            147   _P0MAT          DATA 0xfd
0000            148   _P0MDIN         DATA 0xf1
0000            149   _P0MDOUT        DATA 0xa4
0000            150   _P0SKIP         DATA 0xd4
0000            151   _P1             DATA 0x90
0000            152   _P1MASK         DATA 0xee
0000            153   _P1MAT          DATA 0xed
0000            154   _P1MDIN         DATA 0xf2
0000            155   _P1MDOUT        DATA 0xa5
0000            156   _P1SKIP         DATA 0xd5
0000            157   _P2             DATA 0xa0
0000            158   _P2MASK         DATA 0xfc
0000            159   _P2MAT          DATA 0xfb
0000            160   _P2MDIN         DATA 0xf3
0000            161   _P2MDOUT        DATA 0xa6
0000            162   _P2SKIP         DATA 0xcc
0000            163   _P3             DATA 0xb0
0000            164   _P3MDIN         DATA 0xf4
0000            165   _P3MDOUT        DATA 0x9c
0000            166   _PCA0CENT       DATA 0x9e
0000            167   _PCA0CLR        DATA 0x9c
0000            168   _PCA0CN0        DATA 0xd8
0000            169   _PCA0CPH0       DATA 0xfc
0000            170   _PCA0CPH1       DATA 0xea
0000            171   _PCA0CPH2       DATA 0xec
0000            172   _PCA0CPH3       DATA 0xf5
0000            173   _PCA0CPH4       DATA 0x85
0000            174   _PCA0CPH5       DATA 0xde
0000            175   _PCA0CPL0       DATA 0xfb
0000            176   _PCA0CPL1       DATA 0xe9
0000            177   _PCA0CPL2       DATA 0xeb
0000            178   _PCA0CPL3       DATA 0xf4
0000            179   _PCA0CPL4       DATA 0x84
0000            180   _PCA0CPL5       DATA 0xdd
0000            181   _PCA0CPM0       DATA 0xda
0000            182   _PCA0CPM1       DATA 0xdb
0000            183   _PCA0CPM2       DATA 0xdc
0000            184   _PCA0CPM3       DATA 0xae
0000            185   _PCA0CPM4       DATA 0xaf
0000            186   _PCA0CPM5       DATA 0xcc
0000            187   _PCA0H          DATA 0xfa
0000            188   _PCA0L          DATA 0xf9
0000            189   _PCA0MD         DATA 0xd9
0000            190   _PCA0POL        DATA 0x96
0000            191   _PCA0PWM        DATA 0xf7
0000            192   _PCON0          DATA 0x87
0000            193   _PCON1          DATA 0xcd
0000            194   _PFE0CN         DATA 0xc1
0000            195   _PRTDRV         DATA 0xf6
0000            196   _PSCTL          DATA 0x8f
0000            197   _PSTAT0         DATA 0xaa
0000            198   _PSW            DATA 0xd0
0000            199   _REF0CN         DATA 0xd1
0000            200   _REG0CN         DATA 0xc9
0000            201   _REVID          DATA 0xb6
0000            202   _RSTSRC         DATA 0xef
0000            203   _SBCON1         DATA 0x94
0000            204   _SBRLH1         DATA 0x96
0000            205   _SBRLL1         DATA 0x95
0000            206   _SBUF           DATA 0x99
0000            207   _SBUF0          DATA 0x99
0000            208   _SBUF1          DATA 0x92
0000            209   _SCON           DATA 0x98
0000            210   _SCON0          DATA 0x98
0000            211   _SCON1          DATA 0xc8
0000            212   _SFRPAGE        DATA 0xa7
0000            213   _SFRPGCN        DATA 0xbc
0000            214   _SFRSTACK       DATA 0xd7
0000            215   _SMB0ADM        DATA 0xd6
0000            216   _SMB0ADR        DATA 0xd7
0000            217   _SMB0CF         DATA 0xc1
0000            218   _SMB0CN0        DATA 0xc0
0000            219   _SMB0DAT        DATA 0xc2
0000            220   _SMB0FCN0       DATA 0xc3
0000            221   _SMB0FCN1       DATA 0xc4
0000            222   _SMB0FCT        DATA 0xef
0000            223   _SMB0RXLN       DATA 0xc5
0000            224   _SMB0TC         DATA 0xac
0000            225   _SMOD1          DATA 0x93
0000            226   _SP             DATA 0x81
0000            227   _SPI0CFG        DATA 0xa1
0000            228   _SPI0CKR        DATA 0xa2
0000            229   _SPI0CN0        DATA 0xf8
0000            230   _SPI0DAT        DATA 0xa3
0000            231   _SPI0FCN0       DATA 0x9a
0000            232   _SPI0FCN1       DATA 0x9b
0000            233   _SPI0FCT        DATA 0xf7
0000            234   _SPI0PCF        DATA 0xdf
0000            235   _TCON           DATA 0x88
0000            236   _TH0            DATA 0x8c
0000            237   _TH1            DATA 0x8d
0000            238   _TL0            DATA 0x8a
0000            239   _TL1            DATA 0x8b
0000            240   _TMOD           DATA 0x89
0000            241   _TMR2CN0        DATA 0xc8
0000            242   _TMR2CN1        DATA 0xfd
0000            243   _TMR2H          DATA 0xcf
0000            244   _TMR2L          DATA 0xce
0000            245   _TMR2RLH        DATA 0xcb
0000            246   _TMR2RLL        DATA 0xca
0000            247   _TMR3CN0        DATA 0x91
0000            248   _TMR3CN1        DATA 0xfe
0000            249   _TMR3H          DATA 0x95
0000            250   _TMR3L          DATA 0x94
0000            251   _TMR3RLH        DATA 0x93
0000            252   _TMR3RLL        DATA 0x92
0000            253   _TMR4CN0        DATA 0x98
0000            254   _TMR4CN1        DATA 0xff
0000            255   _TMR4H          DATA 0xa5
0000            256   _TMR4L          DATA 0xa4
0000            257   _TMR4RLH        DATA 0xa3
0000            258   _TMR4RLL        DATA 0xa2
0000            259   _TMR5CN0        DATA 0xc0
0000            260   _TMR5CN1        DATA 0xf1
0000            261   _TMR5H          DATA 0xd5
0000            262   _TMR5L          DATA 0xd4
0000            263   _TMR5RLH        DATA 0xd3
0000            264   _TMR5RLL        DATA 0xd2
0000            265   _UART0PCF       DATA 0xd9
0000            266   _UART1FCN0      DATA 0x9d
0000            267   _UART1FCN1      DATA 0xd8
0000            268   _UART1FCT       DATA 0xfa
0000            269   _UART1LIN       DATA 0x9e
0000            270   _UART1PCF       DATA 0xda
0000            271   _VDM0CN         DATA 0xff
0000            272   _WDTCN          DATA 0x97
0000            273   _XBR0           DATA 0xe1
0000            274   _XBR1           DATA 0xe2
0000            275   _XBR2           DATA 0xe3
0000            276   _XOSC0CN        DATA 0x86
0000            277   _DPTR           DATA 0x8382
0000            278   _TMR2RL         DATA 0xcbca
0000            279   _TMR3RL         DATA 0x9392
0000            280   _TMR4RL         DATA 0xa3a2
0000            281   _TMR5RL         DATA 0xd3d2
0000            282   _TMR0           DATA 0x8c8a
0000            283   _TMR1           DATA 0x8d8b
0000            284   _TMR2           DATA 0xcfce
0000            285   _TMR3           DATA 0x9594
0000            286   _TMR4           DATA 0xa5a4
0000            287   _TMR5           DATA 0xd5d4
0000            288   _SBRL1          DATA 0x9695
0000            289   _PCA0           DATA 0xfaf9
0000            290   _PCA0CP0        DATA 0xfcfb
0000            291   _PCA0CP1        DATA 0xeae9
0000            292   _PCA0CP2        DATA 0xeceb
0000            293   _PCA0CP3        DATA 0xf5f4
0000            294   _PCA0CP4        DATA 0x8584
0000            295   _PCA0CP5        DATA 0xdedd
0000            296   _ADC0ASA        DATA 0xb6b5
0000            297   _ADC0GT         DATA 0xc4c3
0000            298   _ADC0           DATA 0xbebd
0000            299   _ADC0LT         DATA 0xc6c5
0000            300   _DAC0           DATA 0x8584
0000            301   _DAC1           DATA 0x8a89
0000            302   _DAC2           DATA 0x8c8b
0000            303   _DAC3           DATA 0x8e8d
0000            304   ;--------------------------------------------------------
0000            305   ; special function bits
0000            306   ;--------------------------------------------------------
0000            307   _ACC_0          BIT 0xe0
0000            308   _ACC_1          BIT 0xe1
0000            309   _ACC_2          BIT 0xe2
0000            310   _ACC_3          BIT 0xe3
0000            311   _ACC_4          BIT 0xe4
0000            312   _ACC_5          BIT 0xe5
0000            313   _ACC_6          BIT 0xe6
0000            314   _ACC_7          BIT 0xe7
0000            315   _TEMPE          BIT 0xe8
0000            316   _ADGN0          BIT 0xe9
0000            317   _ADGN1          BIT 0xea
0000            318   _ADWINT         BIT 0xeb
0000            319   _ADBUSY         BIT 0xec
0000            320   _ADINT          BIT 0xed
0000            321   _IPOEN          BIT 0xee
0000            322   _ADEN           BIT 0xef
0000            323   _B_0            BIT 0xf0
0000            324   _B_1            BIT 0xf1
0000            325   _B_2            BIT 0xf2
0000            326   _B_3            BIT 0xf3
0000            327   _B_4            BIT 0xf4
0000            328   _B_5            BIT 0xf5
0000            329   _B_6            BIT 0xf6
0000            330   _B_7            BIT 0xf7
0000            331   _C0FIF          BIT 0xe8
0000            332   _C0RIF          BIT 0xe9
0000            333   _C1FIF          BIT 0xea
0000            334   _C1RIF          BIT 0xeb
0000            335   _C2FIF          BIT 0xec
0000            336   _C2RIF          BIT 0xed
0000            337   _C3FIF          BIT 0xee
0000            338   _C3RIF          BIT 0xef
0000            339   _D1SRC0         BIT 0x88
0000            340   _D1SRC1         BIT 0x89
0000            341   _D1AMEN         BIT 0x8a
0000            342   _D01REFSL       BIT 0x8b
0000            343   _D3SRC0         BIT 0x8c
0000            344   _D3SRC1         BIT 0x8d
0000            345   _D3AMEN         BIT 0x8e
0000            346   _D23REFSL       BIT 0x8f
0000            347   _D0UDIS         BIT 0x98
0000            348   _D1UDIS         BIT 0x99
0000            349   _D2UDIS         BIT 0x9a
0000            350   _D3UDIS         BIT 0x9b
0000            351   _EX0            BIT 0xa8
0000            352   _ET0            BIT 0xa9
0000            353   _EX1            BIT 0xaa
0000            354   _ET1            BIT 0xab
0000            355   _ES0            BIT 0xac
0000            356   _ET2            BIT 0xad
0000            357   _ESPI0          BIT 0xae
0000            358   _EA             BIT 0xaf
0000            359   _PX0            BIT 0xb8
0000            360   _PT0            BIT 0xb9
0000            361   _PX1            BIT 0xba
0000            362   _PT1            BIT 0xbb
0000            363   _PS0            BIT 0xbc
0000            364   _PT2            BIT 0xbd
0000            365   _PSPI0          BIT 0xbe
0000            366   _P0_0           BIT 0x80
0000            367   _P0_1           BIT 0x81
0000            368   _P0_2           BIT 0x82
0000            369   _P0_3           BIT 0x83
0000            370   _P0_4           BIT 0x84
0000            371   _P0_5           BIT 0x85
0000            372   _P0_6           BIT 0x86
0000            373   _P0_7           BIT 0x87
0000            374   _P1_0           BIT 0x90
0000            375   _P1_1           BIT 0x91
0000            376   _P1_2           BIT 0x92
0000            377   _P1_3           BIT 0x93
0000            378   _P1_4           BIT 0x94
0000            379   _P1_5           BIT 0x95
0000            380   _P1_6           BIT 0x96
0000            381   _P1_7           BIT 0x97
0000            382   _P2_0           BIT 0xa0
0000            383   _P2_1           BIT 0xa1
0000            384   _P2_2           BIT 0xa2
0000            385   _P2_3           BIT 0xa3
0000            386   _P2_4           BIT 0xa4
0000            387   _P2_5           BIT 0xa5
0000            388   _P2_6           BIT 0xa6
0000            389   _P3_0           BIT 0xb0
0000            390   _P3_1           BIT 0xb1
0000            391   _P3_2           BIT 0xb2
0000            392   _P3_3           BIT 0xb3
0000            393   _P3_4           BIT 0xb4
0000            394   _P3_7           BIT 0xb7
0000            395   _CCF0           BIT 0xd8
0000            396   _CCF1           BIT 0xd9
0000            397   _CCF2           BIT 0xda
0000            398   _CCF3           BIT 0xdb
0000            399   _CCF4           BIT 0xdc
0000            400   _CCF5           BIT 0xdd
0000            401   _CR             BIT 0xde
0000            402   _CF             BIT 0xdf
0000            403   _PARITY         BIT 0xd0
0000            404   _F1             BIT 0xd1
0000            405   _OV             BIT 0xd2
0000            406   _RS0            BIT 0xd3
0000            407   _RS1            BIT 0xd4
0000            408   _F0             BIT 0xd5
0000            409   _AC             BIT 0xd6
0000            410   _CY             BIT 0xd7
0000            411   _RI             BIT 0x98
0000            412   _TI             BIT 0x99
0000            413   _RB8            BIT 0x9a
0000            414   _TB8            BIT 0x9b
0000            415   _REN            BIT 0x9c
0000            416   _CE             BIT 0x9d
0000            417   _SMODE          BIT 0x9e
0000            418   _RI1            BIT 0xc8
0000            419   _TI1            BIT 0xc9
0000            420   _RBX1           BIT 0xca
0000            421   _TBX1           BIT 0xcb
0000            422   _REN1           BIT 0xcc
0000            423   _PERR1          BIT 0xcd
0000            424   _OVR1           BIT 0xce
0000            425   _SI             BIT 0xc0
0000            426   _ACK            BIT 0xc1
0000            427   _ARBLOST        BIT 0xc2
0000            428   _ACKRQ          BIT 0xc3
0000            429   _STO            BIT 0xc4
0000            430   _STA            BIT 0xc5
0000            431   _TXMODE         BIT 0xc6
0000            432   _MASTER         BIT 0xc7
0000            433   _SPIEN          BIT 0xf8
0000            434   _TXNF           BIT 0xf9
0000            435   _NSSMD0         BIT 0xfa
0000            436   _NSSMD1         BIT 0xfb
0000            437   _RXOVRN         BIT 0xfc
0000            438   _MODF           BIT 0xfd
0000            439   _WCOL           BIT 0xfe
0000            440   _SPIF           BIT 0xff
0000            441   _IT0            BIT 0x88
0000            442   _IE0            BIT 0x89
0000            443   _IT1            BIT 0x8a
0000            444   _IE1            BIT 0x8b
0000            445   _TR0            BIT 0x8c
0000            446   _TF0            BIT 0x8d
0000            447   _TR1            BIT 0x8e
0000            448   _TF1            BIT 0x8f
0000            449   _T2XCLK0        BIT 0xc8
0000            450   _T2XCLK1        BIT 0xc9
0000            451   _TR2            BIT 0xca
0000            452   _T2SPLIT        BIT 0xcb
0000            453   _TF2CEN         BIT 0xcc
0000            454   _TF2LEN         BIT 0xcd
0000            455   _TF2L           BIT 0xce
0000            456   _TF2H           BIT 0xcf
0000            457   _T4XCLK0        BIT 0x98
0000            458   _T4XCLK1        BIT 0x99
0000            459   _TR4            BIT 0x9a
0000            460   _T4SPLIT        BIT 0x9b
0000            461   _TF4CEN         BIT 0x9c
0000            462   _TF4LEN         BIT 0x9d
0000            463   _TF4L           BIT 0x9e
0000            464   _TF4H           BIT 0x9f
0000            465   _T5XCLK0        BIT 0xc0
0000            466   _T5XCLK1        BIT 0xc1
0000            467   _TR5            BIT 0xc2
0000            468   _T5SPLIT        BIT 0xc3
0000            469   _TF5CEN         BIT 0xc4
0000            470   _TF5LEN         BIT 0xc5
0000            471   _TF5L           BIT 0xc6
0000            472   _TF5H           BIT 0xc7
0000            473   _RIE            BIT 0xd8
0000            474   _RXTO0          BIT 0xd9
0000            475   _RXTO1          BIT 0xda
0000            476   _RFRQ           BIT 0xdb
0000            477   _TIE            BIT 0xdc
0000            478   _TXHOLD         BIT 0xdd
0000            479   _TXNF1          BIT 0xde
0000            480   _TFRQ           BIT 0xdf
0000            481   ;--------------------------------------------------------
0000            482   ; overlayable register banks
0000            483   ;--------------------------------------------------------
0000            484            rbank0 segment data overlay
0000            485   ;--------------------------------------------------------
0000            486   ; internal ram data
0000            487   ;--------------------------------------------------------
0000            488            rseg R_DSEG
0000            489   _last_accept_frequency:
0000            490            ds 2
0002            491   _read_ripple_voltage_pin_1_62:
0002            492            ds 1
0003            493   _read_ripple_voltage_voltage_sum_1_63:
0003            494            ds 4
0007            495   ;--------------------------------------------------------
0007            496   ; overlayable items in internal ram 
0007            497   ;--------------------------------------------------------
0000            498            rseg    R_OSEG
0000            499            rseg    R_OSEG
0000            500   _InitPinADC_PARM_2:
0000            501            ds 1
0001            502            rseg    R_OSEG
0001            503   ;--------------------------------------------------------
0001            504   ; indirectly addressable internal ram data
0001            505   ;--------------------------------------------------------
0000            506            rseg R_ISEG
0000            507   ;--------------------------------------------------------
0000            508   ; absolute internal ram data
0000            509   ;--------------------------------------------------------
0000            510            DSEG
0000            511   ;--------------------------------------------------------
0000            512   ; bit data
0000            513   ;--------------------------------------------------------
0000            514            rseg R_BSEG
0000            515   ;--------------------------------------------------------
0000            516   ; paged external ram data
0000            517   ;--------------------------------------------------------
0000            518            rseg R_PSEG
0000            519   ;--------------------------------------------------------
0000            520   ; external ram data
0000            521   ;--------------------------------------------------------
0000            522            rseg R_XSEG
0000            523   ;--------------------------------------------------------
0000            524   ; absolute external ram data
0000            525   ;--------------------------------------------------------
0000            526            XSEG
0000            527   ;--------------------------------------------------------
0000            528   ; external initialized ram data
0000            529   ;--------------------------------------------------------
0000            530            rseg R_IXSEG
0000            531            rseg R_HOME
0000            532            rseg R_GSINIT
0000            533            rseg R_CSEG
0000            534   ;--------------------------------------------------------
0000            535   ; Reset entry point and interrupt vectors
0000            536   ;--------------------------------------------------------
0000            537            CSEG at 0x0000
0000 020000     538            ljmp    _crt0
0003            539   ;--------------------------------------------------------
0003            540   ; global & static initialisations
0003            541   ;--------------------------------------------------------
0000            542            rseg R_HOME
0000            543            rseg R_GSINIT
0000            544            rseg R_GSINIT
0000            545   ;--------------------------------------------------------
0000            546   ; data variables initialization
0000            547   ;--------------------------------------------------------
0000            548            rseg R_DINIT
0000            549   ;        D:\Coding\2026\291\lab5\lab5.c:9: unsigned int last_accept_frequency = 0;
0000 E4         550            clr     a
0001 F510       551            mov     _last_accept_frequency,a
0003 F511       552            mov     (_last_accept_frequency + 1),a
0005            553            ; The linker places a 'ret' at the end of segment R_DINIT.
0005            554   ;--------------------------------------------------------
0005            555   ; code
0005            556   ;--------------------------------------------------------
0000            557            rseg R_CSEG
0000            558   ;------------------------------------------------------------
0000            559   ;Allocation info for local variables in function '_c51_external_startup'
0000            560   ;------------------------------------------------------------
0000            561   ;------------------------------------------------------------
0000            562   ;        D:\Coding\2026\291\lab5\lab5.c:11: char _c51_external_startup (void)
0000            563   ;        -----------------------------------------
0000            564   ;         function _c51_external_startup
0000            565   ;        -----------------------------------------
0000            566   __c51_external_startup:
0000            567            using   0
0000            568   ;        D:\Coding\2026\291\lab5\lab5.c:14: SFRPAGE = 0x00;
0000 75A700     569            mov     _SFRPAGE,#0x00
0003            570   ;        D:\Coding\2026\291\lab5\lab5.c:15: WDTCN = 0xDE; //First key
0003 7597DE     571            mov     _WDTCN,#0xDE
0006            572   ;        D:\Coding\2026\291\lab5\lab5.c:16: WDTCN = 0xAD; //Second key
0006 7597AD     573            mov     _WDTCN,#0xAD
0009            574   ;        D:\Coding\2026\291\lab5\lab5.c:18: VDM0CN=0x80;       // enable VDD monitor
0009 75FF80     575            mov     _VDM0CN,#0x80
000C            576   ;        D:\Coding\2026\291\lab5\lab5.c:19: RSTSRC=0x02|0x04;  // Enable reset on missing clock detector and VDD
000C 75EF06     577            mov     _RSTSRC,#0x06
000F            578   ;        D:\Coding\2026\291\lab5\lab5.c:26: SFRPAGE = 0x10;
000F 75A710     579            mov     _SFRPAGE,#0x10
0012            580   ;        D:\Coding\2026\291\lab5\lab5.c:27: PFE0CN  = 0x20; // SYSCLK < 75 MHz.
0012 75C120     581            mov     _PFE0CN,#0x20
0015            582   ;        D:\Coding\2026\291\lab5\lab5.c:28: SFRPAGE = 0x00;
0015 75A700     583            mov     _SFRPAGE,#0x00
0018            584   ;        D:\Coding\2026\291\lab5\lab5.c:49: CLKSEL = 0x00;
0018 75A900     585            mov     _CLKSEL,#0x00
001B            586   ;        D:\Coding\2026\291\lab5\lab5.c:50: CLKSEL = 0x00;
001B 75A900     587            mov     _CLKSEL,#0x00
001E            588   ;        D:\Coding\2026\291\lab5\lab5.c:51: while ((CLKSEL & 0x80) == 0);
001E            589   L002001?:
001E E5A9       590            mov     a,_CLKSEL
0020 30E700     591            jnb     acc.7,L002001?
0023            592   ;        D:\Coding\2026\291\lab5\lab5.c:52: CLKSEL = 0x03;
0023 75A903     593            mov     _CLKSEL,#0x03
0026            594   ;        D:\Coding\2026\291\lab5\lab5.c:53: CLKSEL = 0x03;
0026 75A903     595            mov     _CLKSEL,#0x03
0029            596   ;        D:\Coding\2026\291\lab5\lab5.c:54: while ((CLKSEL & 0x80) == 0);
0029            597   L002004?:
0029 E5A9       598            mov     a,_CLKSEL
002B 30E780     599            jnb     acc.7,L002004?
002E            600   ;        D:\Coding\2026\291\lab5\lab5.c:59: P0MDOUT |= 0x10; // Enable UART0 TX as push-pull output
002E 43A410     601            orl     _P0MDOUT,#0x10
0031            602   ;        D:\Coding\2026\291\lab5\lab5.c:60: XBR0     = 0x01; // Enable UART0 on P0.4(TX) and P0.5(RX)                     
0031 75E101     603            mov     _XBR0,#0x01
0034            604   ;        D:\Coding\2026\291\lab5\lab5.c:61: XBR1     = 0X00;
0034 75E200     605            mov     _XBR1,#0x00
0037            606   ;        D:\Coding\2026\291\lab5\lab5.c:62: XBR2     = 0x40; // Enable crossbar and weak pull-ups
0037 75E340     607            mov     _XBR2,#0x40
003A            608   ;        D:\Coding\2026\291\lab5\lab5.c:68: SCON0 = 0x10;
003A 759810     609            mov     _SCON0,#0x10
003D            610   ;        D:\Coding\2026\291\lab5\lab5.c:69: TH1 = 0x100-((SYSCLK/BAUDRATE)/(2L*12L));
003D 758DE6     611            mov     _TH1,#0xE6
0040            612   ;        D:\Coding\2026\291\lab5\lab5.c:70: TL1 = TH1;      // Init Timer1
0040 858D8B     613            mov     _TL1,_TH1
0043            614   ;        D:\Coding\2026\291\lab5\lab5.c:71: TMOD &= ~0xf0;  // TMOD: timer 1 in 8-bit auto-reload
0043 53890F     615            anl     _TMOD,#0x0F
0046            616   ;        D:\Coding\2026\291\lab5\lab5.c:72: TMOD |=  0x20;                       
0046 438920     617            orl     _TMOD,#0x20
0049            618   ;        D:\Coding\2026\291\lab5\lab5.c:73: TR1 = 1; // START Timer1
0049 D28E       619            setb    _TR1
004B            620   ;        D:\Coding\2026\291\lab5\lab5.c:74: TI = 1;  // Indicate TX0 ready
004B D299       621            setb    _TI
004D            622   ;        D:\Coding\2026\291\lab5\lab5.c:76: return 0;
004D 758200     623            mov     dpl,#0x00
0050 22         624            ret
0051            625   ;------------------------------------------------------------
0051            626   ;Allocation info for local variables in function 'InitADC'
0051            627   ;------------------------------------------------------------
0051            628   ;------------------------------------------------------------
0051            629   ;        D:\Coding\2026\291\lab5\lab5.c:79: void InitADC (void)
0051            630   ;        -----------------------------------------
0051            631   ;         function InitADC
0051            632   ;        -----------------------------------------
0051            633   _InitADC:
0051            634   ;        D:\Coding\2026\291\lab5\lab5.c:81: SFRPAGE = 0x00;
0051 75A700     635            mov     _SFRPAGE,#0x00
0054            636   ;        D:\Coding\2026\291\lab5\lab5.c:82: ADEN=0; // Disable ADC
0054 C2EF       637            clr     _ADEN
0056            638   ;        D:\Coding\2026\291\lab5\lab5.c:87: (0x0 << 0) ; // Accumulate n conversions: 0x0: 1, 0x1:4, 0x2:8, 0x3:16, 0x4:32
0056 75B280     639            mov     _ADC0CN1,#0x80
0059            640   ;        D:\Coding\2026\291\lab5\lab5.c:91: (0x0 << 2); // 0:SYSCLK ADCCLK = SYSCLK. 1:HFOSC0 ADCCLK = HFOSC0.
0059 75BC20     641            mov     _ADC0CF0,#0x20
005C            642   ;        D:\Coding\2026\291\lab5\lab5.c:95: (0x1E << 0); // Conversion Tracking Time. Tadtk = ADTK / (Fsarclk)
005C 75B91E     643            mov     _ADC0CF1,#0x1E
005F            644   ;        D:\Coding\2026\291\lab5\lab5.c:104: (0x0 << 0) ; // TEMPE. 0: Disable the Temperature Sensor. 1: Enable the Temperature Sensor.
005F 75E800     645            mov     _ADC0CN0,#0x00
0062            646   ;        D:\Coding\2026\291\lab5\lab5.c:109: (0x1F << 0); // ADPWR. Power Up Delay Time. Tpwrtime = ((4 * (ADPWR + 1)) + 2) / (Fadcclk)
0062 75DF3F     647            mov     _ADC0CF2,#0x3F
0065            648   ;        D:\Coding\2026\291\lab5\lab5.c:113: (0x0 << 0) ; // ADCM. 0x0: ADBUSY, 0x1: TIMER0, 0x2: TIMER2, 0x3: TIMER3, 0x4: CNVSTR, 0x5: CEX5, 0x6: TIMER4, 0x7: TIMER5, 0x8: CLU0, 0x9: CLU1, 0xA: CLU2, 0xB: CLU3
0065 75B300     649            mov     _ADC0CN2,#0x00
0068            650   ;        D:\Coding\2026\291\lab5\lab5.c:115: ADEN=1; // Enable ADC
0068 D2EF       651            setb    _ADEN
006A 22         652            ret
006B            653   ;------------------------------------------------------------
006B            654   ;Allocation info for local variables in function 'Timer3us'
006B            655   ;------------------------------------------------------------
006B            656   ;us                        Allocated to registers r2 
006B            657   ;i                         Allocated to registers r3 
006B            658   ;------------------------------------------------------------
006B            659   ;        D:\Coding\2026\291\lab5\lab5.c:119: void Timer3us(unsigned char us)
006B            660   ;        -----------------------------------------
006B            661   ;         function Timer3us
006B            662   ;        -----------------------------------------
006B            663   _Timer3us:
006B AA82       664            mov     r2,dpl
006D            665   ;        D:\Coding\2026\291\lab5\lab5.c:124: CKCON0|=0b_0100_0000;
006D 438E40     666            orl     _CKCON0,#0x40
0070            667   ;        D:\Coding\2026\291\lab5\lab5.c:126: TMR3RL = (-(SYSCLK)/1000000L); // Set Timer3 to overflow in 1us.
0070 7592B8     668            mov     _TMR3RL,#0xB8
0073 7593FF     669            mov     (_TMR3RL >> 8),#0xFF
0076            670   ;        D:\Coding\2026\291\lab5\lab5.c:127: TMR3 = TMR3RL;                 // Initialize Timer3 for first overflow
0076 859294     671            mov     _TMR3,_TMR3RL
0079 859395     672            mov     (_TMR3 >> 8),(_TMR3RL >> 8)
007C            673   ;        D:\Coding\2026\291\lab5\lab5.c:129: TMR3CN0 = 0x04;                 // Sart Timer3 and clear overflow flag
007C 759104     674            mov     _TMR3CN0,#0x04
007F            675   ;        D:\Coding\2026\291\lab5\lab5.c:130: for (i = 0; i < us; i++)       // Count <us> overflows
007F 7B00       676            mov     r3,#0x00
0081            677   L004004?:
0081 C3         678            clr     c
0082 EB         679            mov     a,r3
0083 9A         680            subb    a,r2
0084 5000       681            jnc     L004007?
0086            682   ;        D:\Coding\2026\291\lab5\lab5.c:132: while (!(TMR3CN0 & 0x80));  // Wait for overflow
0086            683   L004001?:
0086 E591       684            mov     a,_TMR3CN0
0088 30E780     685            jnb     acc.7,L004001?
008B            686   ;        D:\Coding\2026\291\lab5\lab5.c:133: TMR3CN0 &= ~(0x80);         // Clear overflow indicator
008B 53917F     687            anl     _TMR3CN0,#0x7F
008E            688   ;        D:\Coding\2026\291\lab5\lab5.c:130: for (i = 0; i < us; i++)       // Count <us> overflows
008E 0B         689            inc     r3
008F 8000       690            sjmp    L004004?
0091            691   L004007?:
0091            692   ;        D:\Coding\2026\291\lab5\lab5.c:135: TMR3CN0 = 0 ;                   // Stop Timer3 and clear overflow flag
0091 759100     693            mov     _TMR3CN0,#0x00
0094 22         694            ret
0095            695   ;------------------------------------------------------------
0095            696   ;Allocation info for local variables in function 'waitms'
0095            697   ;------------------------------------------------------------
0095            698   ;ms                        Allocated to registers r2 r3 
0095            699   ;j                         Allocated to registers r4 r5 
0095            700   ;k                         Allocated to registers r6 
0095            701   ;------------------------------------------------------------
0095            702   ;        D:\Coding\2026\291\lab5\lab5.c:138: void waitms (unsigned int ms)
0095            703   ;        -----------------------------------------
0095            704   ;         function waitms
0095            705   ;        -----------------------------------------
0095            706   _waitms:
0095 AA82       707            mov     r2,dpl
0097 AB83       708            mov     r3,dph
0099            709   ;        D:\Coding\2026\291\lab5\lab5.c:142: for(j=0; j<ms; j++)
0099 7C00       710            mov     r4,#0x00
009B 7D00       711            mov     r5,#0x00
009D            712   L005005?:
009D C3         713            clr     c
009E EC         714            mov     a,r4
009F 9A         715            subb    a,r2
00A0 ED         716            mov     a,r5
00A1 9B         717            subb    a,r3
00A2 5000       718            jnc     L005009?
00A4            719   ;        D:\Coding\2026\291\lab5\lab5.c:143: for (k=0; k<4; k++) Timer3us(250);
00A4 7E00       720            mov     r6,#0x00
00A6            721   L005001?:
00A6 BE04C0     722            cjne    r6,#0x04,L005018?
00A9            723   L005018?:
00A9 5000       724            jnc     L005007?
00AB 7582FA     725            mov     dpl,#0xFA
00AE C002       726            push    ar2
00B0 C003       727            push    ar3
00B2 C004       728            push    ar4
00B4 C005       729            push    ar5
00B6 C006       730            push    ar6
00B8 120000     731            lcall   _Timer3us
00BB D006       732            pop     ar6
00BD D005       733            pop     ar5
00BF D004       734            pop     ar4
00C1 D003       735            pop     ar3
00C3 D002       736            pop     ar2
00C5 0E         737            inc     r6
00C6 8000       738            sjmp    L005001?
00C8            739   L005007?:
00C8            740   ;        D:\Coding\2026\291\lab5\lab5.c:142: for(j=0; j<ms; j++)
00C8 0C         741            inc     r4
00C9 BC0000     742            cjne    r4,#0x00,L005005?
00CC 0D         743            inc     r5
00CD 8000       744            sjmp    L005005?
00CF            745   L005009?:
00CF 22         746            ret
00D0            747   ;------------------------------------------------------------
00D0            748   ;Allocation info for local variables in function 'InitPinADC'
00D0            749   ;------------------------------------------------------------
00D0            750   ;pinno                     Allocated with name '_InitPinADC_PARM_2'
00D0            751   ;portno                    Allocated to registers r2 
00D0            752   ;mask                      Allocated to registers r3 
00D0            753   ;------------------------------------------------------------
00D0            754   ;        D:\Coding\2026\291\lab5\lab5.c:148: void InitPinADC (unsigned char portno, unsigned char pinno)
00D0            755   ;        -----------------------------------------
00D0            756   ;         function InitPinADC
00D0            757   ;        -----------------------------------------
00D0            758   _InitPinADC:
00D0 AA82       759            mov     r2,dpl
00D2            760   ;        D:\Coding\2026\291\lab5\lab5.c:152: mask=1<<pinno;
00D2 8550F0     761            mov     b,_InitPinADC_PARM_2
00D5 05F0       762            inc     b
00D7 7401       763            mov     a,#0x01
00D9 8000       764            sjmp    L006013?
00DB            765   L006011?:
00DB 25E0       766            add     a,acc
00DD            767   L006013?:
00DD D5F0C0     768            djnz    b,L006011?
00E0 FB         769            mov     r3,a
00E1            770   ;        D:\Coding\2026\291\lab5\lab5.c:154: SFRPAGE = 0x20;
00E1 75A720     771            mov     _SFRPAGE,#0x20
00E4            772   ;        D:\Coding\2026\291\lab5\lab5.c:155: switch (portno)
00E4 BA0000     773            cjne    r2,#0x00,L006014?
00E7 8000       774            sjmp    L006001?
00E9            775   L006014?:
00E9 BA0180     776            cjne    r2,#0x01,L006015?
00EC 8000       777            sjmp    L006002?
00EE            778   L006015?:
00EE            779   ;        D:\Coding\2026\291\lab5\lab5.c:157: case 0:
00EE BA0200     780            cjne    r2,#0x02,L006005?
00F1 8000       781            sjmp    L006003?
00F3            782   L006001?:
00F3            783   ;        D:\Coding\2026\291\lab5\lab5.c:158: P0MDIN &= (~mask); // Set pin as analog input
00F3 EB         784            mov     a,r3
00F4 F4         785            cpl     a
00F5 FA         786            mov     r2,a
00F6 52F1       787            anl     _P0MDIN,a
00F8            788   ;        D:\Coding\2026\291\lab5\lab5.c:159: P0SKIP |= mask; // Skip Crossbar decoding for this pin
00F8 EB         789            mov     a,r3
00F9 42D4       790            orl     _P0SKIP,a
00FB            791   ;        D:\Coding\2026\291\lab5\lab5.c:160: break;
00FB            792   ;        D:\Coding\2026\291\lab5\lab5.c:161: case 1:
00FB 8000       793            sjmp    L006005?
00FD            794   L006002?:
00FD            795   ;        D:\Coding\2026\291\lab5\lab5.c:162: P1MDIN &= (~mask); // Set pin as analog input
00FD EB         796            mov     a,r3
00FE F4         797            cpl     a
00FF FA         798            mov     r2,a
0100 52F2       799            anl     _P1MDIN,a
0102            800   ;        D:\Coding\2026\291\lab5\lab5.c:163: P1SKIP |= mask; // Skip Crossbar decoding for this pin
0102 EB         801            mov     a,r3
0103 42D5       802            orl     _P1SKIP,a
0105            803   ;        D:\Coding\2026\291\lab5\lab5.c:164: break;
0105            804   ;        D:\Coding\2026\291\lab5\lab5.c:165: case 2:
0105 8000       805            sjmp    L006005?
0107            806   L006003?:
0107            807   ;        D:\Coding\2026\291\lab5\lab5.c:166: P2MDIN &= (~mask); // Set pin as analog input
0107 EB         808            mov     a,r3
0108 F4         809            cpl     a
0109 FA         810            mov     r2,a
010A 52F3       811            anl     _P2MDIN,a
010C            812   ;        D:\Coding\2026\291\lab5\lab5.c:167: P2SKIP |= mask; // Skip Crossbar decoding for this pin
010C EB         813            mov     a,r3
010D 42CC       814            orl     _P2SKIP,a
010F            815   ;        D:\Coding\2026\291\lab5\lab5.c:171: }
010F            816   L006005?:
010F            817   ;        D:\Coding\2026\291\lab5\lab5.c:172: SFRPAGE = 0x00;
010F 75A700     818            mov     _SFRPAGE,#0x00
0112 22         819            ret
0113            820   ;------------------------------------------------------------
0113            821   ;Allocation info for local variables in function 'TIMER0_Init'
0113            822   ;------------------------------------------------------------
0113            823   ;------------------------------------------------------------
0113            824   ;        D:\Coding\2026\291\lab5\lab5.c:175: void TIMER0_Init(void)
0113            825   ;        -----------------------------------------
0113            826   ;         function TIMER0_Init
0113            827   ;        -----------------------------------------
0113            828   _TIMER0_Init:
0113            829   ;        D:\Coding\2026\291\lab5\lab5.c:177: TMOD&=0b_1111_0000; // Set the bits of Timer/Counter 0 to zero
0113 5389F0     830            anl     _TMOD,#0xF0
0116            831   ;        D:\Coding\2026\291\lab5\lab5.c:178: TMOD|=0b_0000_0001; // Timer/Counter 0 used as a 16-bit timer
0116 438901     832            orl     _TMOD,#0x01
0119            833   ;        D:\Coding\2026\291\lab5\lab5.c:179: CKCON0&=0b_1111_1000;  // Timer 0 uses sysclk/12
0119 538EF8     834            anl     _CKCON0,#0xF8
011C            835   ;        D:\Coding\2026\291\lab5\lab5.c:180: TR0=0; // Stop Timer/Counter 0
011C C28C       836            clr     _TR0
011E 22         837            ret
011F            838   ;------------------------------------------------------------
011F            839   ;Allocation info for local variables in function 'ADC_at_Pin'
011F            840   ;------------------------------------------------------------
011F            841   ;pin                       Allocated to registers 
011F            842   ;------------------------------------------------------------
011F            843   ;        D:\Coding\2026\291\lab5\lab5.c:183: unsigned int ADC_at_Pin(unsigned char pin)
011F            844   ;        -----------------------------------------
011F            845   ;         function ADC_at_Pin
011F            846   ;        -----------------------------------------
011F            847   _ADC_at_Pin:
011F 8582BB     848            mov     _ADC0MX,dpl
0122            849   ;        D:\Coding\2026\291\lab5\lab5.c:186: ADINT = 0;
0122 C2ED       850            clr     _ADINT
0124            851   ;        D:\Coding\2026\291\lab5\lab5.c:187: ADBUSY = 1;     // Convert voltage at the pin
0124 D2EC       852            setb    _ADBUSY
0126            853   ;        D:\Coding\2026\291\lab5\lab5.c:188: while (!ADINT); // Wait for conversion to complete
0126            854   L008001?:
0126 30ED80     855            jnb     _ADINT,L008001?
0129            856   ;        D:\Coding\2026\291\lab5\lab5.c:189: return (ADC0);
0129 85BD82     857            mov     dpl,_ADC0
012C 85BE83     858            mov     dph,(_ADC0 >> 8)
012F 22         859            ret
0130            860   ;------------------------------------------------------------
0130            861   ;Allocation info for local variables in function 'Volts_at_Pin'
0130            862   ;------------------------------------------------------------
0130            863   ;pin                       Allocated to registers r2 
0130            864   ;------------------------------------------------------------
0130            865   ;        D:\Coding\2026\291\lab5\lab5.c:192: float Volts_at_Pin(unsigned char pin)
0130            866   ;        -----------------------------------------
0130            867   ;         function Volts_at_Pin
0130            868   ;        -----------------------------------------
0130            869   _Volts_at_Pin:
0130            870   ;        D:\Coding\2026\291\lab5\lab5.c:194: return ((ADC_at_Pin(pin)*VDD)/0b_0011_1111_1111_1111);
0130 120000     871            lcall   _ADC_at_Pin
0133 120000     872            lcall   ___uint2fs
0136 AA82       873            mov     r2,dpl
0138 AB83       874            mov     r3,dph
013A ACF0       875            mov     r4,b
013C FD         876            mov     r5,a
013D C002       877            push    ar2
013F C003       878            push    ar3
0141 C004       879            push    ar4
0143 C005       880            push    ar5
0145 9053F8     881            mov     dptr,#0x53F8
0148 75F053     882            mov     b,#0x53
014B 7440       883            mov     a,#0x40
014D 120000     884            lcall   ___fsmul
0150 AA82       885            mov     r2,dpl
0152 AB83       886            mov     r3,dph
0154 ACF0       887            mov     r4,b
0156 FD         888            mov     r5,a
0157 E581       889            mov     a,sp
0159 24FC       890            add     a,#0xfc
015B F581       891            mov     sp,a
015D E4         892            clr     a
015E C0E0       893            push    acc
0160 74FC       894            mov     a,#0xFC
0162 C0E0       895            push    acc
0164 747F       896            mov     a,#0x7F
0166 C0E0       897            push    acc
0168 7446       898            mov     a,#0x46
016A C0E0       899            push    acc
016C 8A82       900            mov     dpl,r2
016E 8B83       901            mov     dph,r3
0170 8CF0       902            mov     b,r4
0172 ED         903            mov     a,r5
0173 120000     904            lcall   ___fsdiv
0176 AA82       905            mov     r2,dpl
0178 AB83       906            mov     r3,dph
017A ACF0       907            mov     r4,b
017C FD         908            mov     r5,a
017D E581       909            mov     a,sp
017F 24FC       910            add     a,#0xfc
0181 F581       911            mov     sp,a
0183 8A82       912            mov     dpl,r2
0185 8B83       913            mov     dph,r3
0187 8CF0       914            mov     b,r4
0189 ED         915            mov     a,r5
018A 22         916            ret
018B            917   ;------------------------------------------------------------
018B            918   ;Allocation info for local variables in function 'init_pin_input'
018B            919   ;------------------------------------------------------------
018B            920   ;------------------------------------------------------------
018B            921   ;        D:\Coding\2026\291\lab5\lab5.c:198: void init_pin_input(void){
018B            922   ;        -----------------------------------------
018B            923   ;         function init_pin_input
018B            924   ;        -----------------------------------------
018B            925   _init_pin_input:
018B            926   ;        D:\Coding\2026\291\lab5\lab5.c:199: P2MDIN |= 0b_0000_1100; // enable p2.2 and p2.3 to be input pin
018B 43F30C     927            orl     _P2MDIN,#0x0C
018E            928   ;        D:\Coding\2026\291\lab5\lab5.c:200: P2MDOUT &= 0b_1111_0011; // disable p2.2 and p2.3 from output pin 
018E 53A6F3     929            anl     _P2MDOUT,#0xF3
0191            930   ;        D:\Coding\2026\291\lab5\lab5.c:201: P2SKIP |= 0b_0000_1100;
0191 43CC0C     931            orl     _P2SKIP,#0x0C
0194            932   ;        D:\Coding\2026\291\lab5\lab5.c:202: XBR2 |= 0x40;
0194 43E340     933            orl     _XBR2,#0x40
0197 22         934            ret
0198            935   ;------------------------------------------------------------
0198            936   ;Allocation info for local variables in function 'read_ripple_voltage'
0198            937   ;------------------------------------------------------------
0198            938   ;pin                       Allocated with name '_read_ripple_voltage_pin_1_62'
0198            939   ;sample_count              Allocated to registers r7 
0198            940   ;voltage_sum               Allocated with name '_read_ripple_voltage_voltage_sum_1_63'
0198            941   ;------------------------------------------------------------
0198            942   ;        D:\Coding\2026\291\lab5\lab5.c:206: float read_ripple_voltage(unsigned char pin){
0198            943   ;        -----------------------------------------
0198            944   ;         function read_ripple_voltage
0198            945   ;        -----------------------------------------
0198            946   _read_ripple_voltage:
0198 858220     947            mov     _read_ripple_voltage_pin_1_62,dpl
019B            948   ;        D:\Coding\2026\291\lab5\lab5.c:208: float voltage_sum = 0;
019B 758000     949            mov     _read_ripple_voltage_voltage_sum_1_63,#0x00
019E 758100     950            mov     (_read_ripple_voltage_voltage_sum_1_63 + 1),#0x00
01A1 758200     951            mov     (_read_ripple_voltage_voltage_sum_1_63 + 2),#0x00
01A4 758300     952            mov     (_read_ripple_voltage_voltage_sum_1_63 + 3),#0x00
01A7            953   ;        D:\Coding\2026\291\lab5\lab5.c:210: while(sample_count < 32){
01A7 7F00       954            mov     r7,#0x00
01A9            955   L011001?:
01A9 BF2000     956            cjne    r7,#0x20,L011009?
01AC            957   L011009?:
01AC 4000       958            jc      L011010?
01AE 020000     959            ljmp    L011003?
01B1            960   L011010?:
01B1            961   ;        D:\Coding\2026\291\lab5\lab5.c:211: voltage_sum += (ADC_at_Pin(pin)*VDD)/0b_0011_1111_1111_1111;
01B1 852082     962            mov     dpl,_read_ripple_voltage_pin_1_62
01B4 C007       963            push    ar7
01B6 120000     964            lcall   _ADC_at_Pin
01B9 120000     965            lcall   ___uint2fs
01BC A882       966            mov     r0,dpl
01BE A983       967            mov     r1,dph
01C0 AAF0       968            mov     r2,b
01C2 FB         969            mov     r3,a
01C3 C000       970            push    ar0
01C5 C001       971            push    ar1
01C7 C002       972            push    ar2
01C9 C003       973            push    ar3
01CB 9053F8     974            mov     dptr,#0x53F8
01CE 75F053     975            mov     b,#0x53
01D1 7440       976            mov     a,#0x40
01D3 120000     977            lcall   ___fsmul
01D6 AA82       978            mov     r2,dpl
01D8 AB83       979            mov     r3,dph
01DA ACF0       980            mov     r4,b
01DC FD         981            mov     r5,a
01DD E581       982            mov     a,sp
01DF 24FC       983            add     a,#0xfc
01E1 F581       984            mov     sp,a
01E3 E4         985            clr     a
01E4 C0E0       986            push    acc
01E6 74FC       987            mov     a,#0xFC
01E8 C0E0       988            push    acc
01EA 747F       989            mov     a,#0x7F
01EC C0E0       990            push    acc
01EE 7446       991            mov     a,#0x46
01F0 C0E0       992            push    acc
01F2 8A82       993            mov     dpl,r2
01F4 8B83       994            mov     dph,r3
01F6 8CF0       995            mov     b,r4
01F8 ED         996            mov     a,r5
01F9 120000     997            lcall   ___fsdiv
01FC AA82       998            mov     r2,dpl
01FE AB83       999            mov     r3,dph
0200 ACF0      1000            mov     r4,b
0202 FD        1001            mov     r5,a
0203 E581      1002            mov     a,sp
0205 24FC      1003            add     a,#0xfc
0207 F581      1004            mov     sp,a
0209 C002      1005            push    ar2
020B C003      1006            push    ar3
020D C004      1007            push    ar4
020F C005      1008            push    ar5
0211 858082    1009            mov     dpl,_read_ripple_voltage_voltage_sum_1_63
0214 858183    1010            mov     dph,(_read_ripple_voltage_voltage_sum_1_63 + 1)
0217 8582F0    1011            mov     b,(_read_ripple_voltage_voltage_sum_1_63 + 2)
021A E583      1012            mov     a,(_read_ripple_voltage_voltage_sum_1_63 + 3)
021C 120000    1013            lcall   ___fsadd
021F 858280    1014            mov     _read_ripple_voltage_voltage_sum_1_63,dpl
0222 858381    1015            mov     (_read_ripple_voltage_voltage_sum_1_63 + 1),dph
0225 85F082    1016            mov     (_read_ripple_voltage_voltage_sum_1_63 + 2),b
0228 F583      1017            mov     (_read_ripple_voltage_voltage_sum_1_63 + 3),a
022A E581      1018            mov     a,sp
022C 24FC      1019            add     a,#0xfc
022E F581      1020            mov     sp,a
0230 D007      1021            pop     ar7
0232           1022   ;        D:\Coding\2026\291\lab5\lab5.c:212: sample_count++;
0232 0F        1023            inc     r7
0233           1024   ;        D:\Coding\2026\291\lab5\lab5.c:213: waitms(1);
0233 900001    1025            mov     dptr,#0x0001
0236 C007      1026            push    ar7
0238 120000    1027            lcall   _waitms
023B D007      1028            pop     ar7
023D 020000    1029            ljmp    L011001?
0240           1030   L011003?:
0240           1031   ;        D:\Coding\2026\291\lab5\lab5.c:216: return voltage_sum / sample_count;
0240 8F82      1032            mov     dpl,r7
0242 120000    1033            lcall   ___uchar2fs
0245 AA82      1034            mov     r2,dpl
0247 AB83      1035            mov     r3,dph
0249 ACF0      1036            mov     r4,b
024B FD        1037            mov     r5,a
024C C002      1038            push    ar2
024E C003      1039            push    ar3
0250 C004      1040            push    ar4
0252 C005      1041            push    ar5
0254 858082    1042            mov     dpl,_read_ripple_voltage_voltage_sum_1_63
0257 858183    1043            mov     dph,(_read_ripple_voltage_voltage_sum_1_63 + 1)
025A 8582F0    1044            mov     b,(_read_ripple_voltage_voltage_sum_1_63 + 2)
025D E583      1045            mov     a,(_read_ripple_voltage_voltage_sum_1_63 + 3)
025F 120000    1046            lcall   ___fsdiv
0262 AA82      1047            mov     r2,dpl
0264 AB83      1048            mov     r3,dph
0266 ACF0      1049            mov     r4,b
0268 FD        1050            mov     r5,a
0269 E581      1051            mov     a,sp
026B 24FC      1052            add     a,#0xfc
026D F581      1053            mov     sp,a
026F 8A82      1054            mov     dpl,r2
0271 8B83      1055            mov     dph,r3
0273 8CF0      1056            mov     b,r4
0275 ED        1057            mov     a,r5
0276 22        1058            ret
0277           1059   ;------------------------------------------------------------
0277           1060   ;Allocation info for local variables in function 'measure_period'
0277           1061   ;------------------------------------------------------------
0277           1062   ;time_us                   Allocated to registers r2 r3 
0277           1063   ;------------------------------------------------------------
0277           1064   ;        D:\Coding\2026\291\lab5\lab5.c:221: unsigned int measure_period(void){
0277           1065   ;        -----------------------------------------
0277           1066   ;         function measure_period
0277           1067   ;        -----------------------------------------
0277           1068   _measure_period:
0277           1069   ;        D:\Coding\2026\291\lab5\lab5.c:224: TR0 = 0;
0277 C28C      1070            clr     _TR0
0279           1071   ;        D:\Coding\2026\291\lab5\lab5.c:225: TH0 = 0; TL0 = 0; // Reset timer
0279 758C00    1072            mov     _TH0,#0x00
027C 758A00    1073            mov     _TL0,#0x00
027F           1074   ;        D:\Coding\2026\291\lab5\lab5.c:226: while(P2_2 == 1); // Wait for the signal to be 0
027F           1075   L012001?:
027F 20A240    1076            jb      _P2_2,L012001?
0282           1077   ;        D:\Coding\2026\291\lab5\lab5.c:227: while(P2_2 == 0); // Wait for the signal to be 1
0282           1078   L012004?:
0282 30A280    1079            jnb     _P2_2,L012004?
0285           1080   ;        D:\Coding\2026\291\lab5\lab5.c:228: TR0 = 1; // Start timing
0285 D28C      1081            setb    _TR0
0287           1082   ;        D:\Coding\2026\291\lab5\lab5.c:229: while(P2_2 == 1); // Wait for the signal to be 0
0287           1083   L012007?:
0287 20A2C0    1084            jb      _P2_2,L012007?
028A           1085   ;        D:\Coding\2026\291\lab5\lab5.c:230: TR0 = 0; // Stop timer 0
028A C28C      1086            clr     _TR0
028C           1087   ;        D:\Coding\2026\291\lab5\lab5.c:233: time_us = ((unsigned int)(TH0*0x100+TL0) / 3U);
028C AB8C      1088            mov     r3,_TH0
028E 7A00      1089            mov     r2,#0x00
0290 AC8A      1090            mov     r4,_TL0
0292 7D00      1091            mov     r5,#0x00
0294 EC        1092            mov     a,r4
0295 2A        1093            add     a,r2
0296 F582      1094            mov     dpl,a
0298 ED        1095            mov     a,r5
0299 3B        1096            addc    a,r3
029A F583      1097            mov     dph,a
029C 750003    1098            mov     __divuint_PARM_2,#0x03
029F E4        1099            clr     a
02A0 F501      1100            mov     (__divuint_PARM_2 + 1),a
02A2 120000    1101            lcall   __divuint
02A5 AA82      1102            mov     r2,dpl
02A7 AB83      1103            mov     r3,dph
02A9           1104   ;        D:\Coding\2026\291\lab5\lab5.c:235: if(time_us < 100){
02A9 C3        1105            clr     c
02AA EA        1106            mov     a,r2
02AB 9464      1107            subb    a,#0x64
02AD EB        1108            mov     a,r3
02AE 9400      1109            subb    a,#0x00
02B0 5000      1110            jnc     L012011?
02B2           1111   ;        D:\Coding\2026\291\lab5\lab5.c:236: time_us = last_accept_frequency;
02B2 AA10      1112            mov     r2,_last_accept_frequency
02B4 AB11      1113            mov     r3,(_last_accept_frequency + 1)
02B6 8000      1114            sjmp    L012012?
02B8           1115   L012011?:
02B8           1116   ;        D:\Coding\2026\291\lab5\lab5.c:239: last_accept_frequency = time_us;
02B8 8A10      1117            mov     _last_accept_frequency,r2
02BA 8B11      1118            mov     (_last_accept_frequency + 1),r3
02BC           1119   L012012?:
02BC           1120   ;        D:\Coding\2026\291\lab5\lab5.c:241: return time_us; 
02BC 8A82      1121            mov     dpl,r2
02BE 8B83      1122            mov     dph,r3
02C0 22        1123            ret
02C1           1124   ;------------------------------------------------------------
02C1           1125   ;Allocation info for local variables in function 'measure_zero_cross_time'
02C1           1126   ;------------------------------------------------------------
02C1           1127   ;time_us                   Allocated to registers r2 r3 
02C1           1128   ;------------------------------------------------------------
02C1           1129   ;        D:\Coding\2026\291\lab5\lab5.c:248: unsigned int measure_zero_cross_time(void){
02C1           1130   ;        -----------------------------------------
02C1           1131   ;         function measure_zero_cross_time
02C1           1132   ;        -----------------------------------------
02C1           1133   _measure_zero_cross_time:
02C1           1134   ;        D:\Coding\2026\291\lab5\lab5.c:251: TR0 = 0;
02C1 C28C      1135            clr     _TR0
02C3           1136   ;        D:\Coding\2026\291\lab5\lab5.c:252: TH0 = 0; TL0 = 0; // Reset timer
02C3 758C00    1137            mov     _TH0,#0x00
02C6 758A00    1138            mov     _TL0,#0x00
02C9           1139   ;        D:\Coding\2026\291\lab5\lab5.c:253: while(P2_2 == 1); // Wait for signal to be 0
02C9           1140   L013001?:
02C9 20A210    1141            jb      _P2_2,L013001?
02CC           1142   ;        D:\Coding\2026\291\lab5\lab5.c:254: while(P2_2 == 0); // Wait for signal to be 1
02CC           1143   L013004?:
02CC 30A250    1144            jnb     _P2_2,L013004?
02CF           1145   ;        D:\Coding\2026\291\lab5\lab5.c:255: TR0 = 1;
02CF D28C      1146            setb    _TR0
02D1           1147   ;        D:\Coding\2026\291\lab5\lab5.c:257: while(P2_3 == 1); // Wait for p2.3 to be 1
02D1           1148   L013007?:
02D1 20A390    1149            jb      _P2_3,L013007?
02D4           1150   ;        D:\Coding\2026\291\lab5\lab5.c:258: while(P2_3 == 0); // Wait for p2.3 to be 0
02D4           1151   L013010?:
02D4 30A3D0    1152            jnb     _P2_3,L013010?
02D7           1153   ;        D:\Coding\2026\291\lab5\lab5.c:259: TR0 = 0;
02D7 C28C      1154            clr     _TR0
02D9           1155   ;        D:\Coding\2026\291\lab5\lab5.c:261: time_us = ((unsigned int)(TH0*0x100+TL0) / 6U); // note: may overflow, i'm not sure
02D9 AB8C      1156            mov     r3,_TH0
02DB 7A00      1157            mov     r2,#0x00
02DD AC8A      1158            mov     r4,_TL0
02DF 7D00      1159            mov     r5,#0x00
02E1 EC        1160            mov     a,r4
02E2 2A        1161            add     a,r2
02E3 F582      1162            mov     dpl,a
02E5 ED        1163            mov     a,r5
02E6 3B        1164            addc    a,r3
02E7 F583      1165            mov     dph,a
02E9 750006    1166            mov     __divuint_PARM_2,#0x06
02EC E4        1167            clr     a
02ED F501      1168            mov     (__divuint_PARM_2 + 1),a
02EF 120000    1169            lcall   __divuint
02F2 AA82      1170            mov     r2,dpl
02F4 AB83      1171            mov     r3,dph
02F6           1172   ;        D:\Coding\2026\291\lab5\lab5.c:263: printf("%u\n", time_us);
02F6 C002      1173            push    ar2
02F8 C003      1174            push    ar3
02FA C002      1175            push    ar2
02FC C003      1176            push    ar3
02FE 7410      1177            mov     a,#__str_0
0300 C0E0      1178            push    acc
0302 74BE      1179            mov     a,#(__str_0 >> 8)
0304 C0E0      1180            push    acc
0306 7480      1181            mov     a,#0x80
0308 C0E0      1182            push    acc
030A 120000    1183            lcall   _printf
030D E581      1184            mov     a,sp
030F 24FB      1185            add     a,#0xfb
0311 F581      1186            mov     sp,a
0313 D003      1187            pop     ar3
0315 D002      1188            pop     ar2
0317           1189   ;        D:\Coding\2026\291\lab5\lab5.c:264: return time_us;
0317 8A82      1190            mov     dpl,r2
0319 8B83      1191            mov     dph,r3
031B 22        1192            ret
031C           1193   ;------------------------------------------------------------
031C           1194   ;Allocation info for local variables in function 'main'
031C           1195   ;------------------------------------------------------------
031C           1196   ;v1                        Allocated with name '_main_v1_1_72'
031C           1197   ;v2                        Allocated to registers 
031C           1198   ;period                    Allocated to registers 
031C           1199   ;frequency                 Allocated to registers 
031C           1200   ;------------------------------------------------------------
031C           1201   ;        D:\Coding\2026\291\lab5\lab5.c:267: void main(void){
031C           1202   ;        -----------------------------------------
031C           1203   ;         function main
031C           1204   ;        -----------------------------------------
031C           1205   _main:
031C           1206   ;        D:\Coding\2026\291\lab5\lab5.c:274: waitms(500);
031C 9001F4    1207            mov     dptr,#0x01F4
031F 120000    1208            lcall   _waitms
0322           1209   ;        D:\Coding\2026\291\lab5\lab5.c:275: printf("\x1b[2J"); // Clear screen using ANSI escape sequence.
0322 7490      1210            mov     a,#__str_1
0324 C0E0      1211            push    acc
0326 74BE      1212            mov     a,#(__str_1 >> 8)
0328 C0E0      1213            push    acc
032A 7480      1214            mov     a,#0x80
032C C0E0      1215            push    acc
032E 120000    1216            lcall   _printf
0331 1581      1217            dec     sp
0333 1581      1218            dec     sp
0335 1581      1219            dec     sp
0337           1220   ;        D:\Coding\2026\291\lab5\lab5.c:279: __FILE__, __DATE__, __TIME__);
0337           1221   ;        D:\Coding\2026\291\lab5\lab5.c:278: "Compiled: %s, %s\n\n",
0337 74D0      1222            mov     a,#__str_5
0339 C0E0      1223            push    acc
033B 74BE      1224            mov     a,#(__str_5 >> 8)
033D C0E0      1225            push    acc
033F 7480      1226            mov     a,#0x80
0341 C0E0      1227            push    acc
0343 7410      1228            mov     a,#__str_4
0345 C0E0      1229            push    acc
0347 74BF      1230            mov     a,#(__str_4 >> 8)
0349 C0E0      1231            push    acc
034B 7480      1232            mov     a,#0x80
034D C0E0      1233            push    acc
034F 7450      1234            mov     a,#__str_3
0351 C0E0      1235            push    acc
0353 74BF      1236            mov     a,#(__str_3 >> 8)
0355 C0E0      1237            push    acc
0357 7480      1238            mov     a,#0x80
0359 C0E0      1239            push    acc
035B 7490      1240            mov     a,#__str_2
035D C0E0      1241            push    acc
035F 74BF      1242            mov     a,#(__str_2 >> 8)
0361 C0E0      1243            push    acc
0363 7480      1244            mov     a,#0x80
0365 C0E0      1245            push    acc
0367 120000    1246            lcall   _printf
036A E581      1247            mov     a,sp
036C 24F4      1248            add     a,#0xf4
036E F581      1249            mov     sp,a
0370           1250   ;        D:\Coding\2026\291\lab5\lab5.c:282: InitPinADC(1, 6);
0370 755006    1251            mov     _InitPinADC_PARM_2,#0x06
0373 758201    1252            mov     dpl,#0x01
0376 120000    1253            lcall   _InitPinADC
0379           1254   ;        D:\Coding\2026\291\lab5\lab5.c:283: InitPinADC(2, 1);
0379 755001    1255            mov     _InitPinADC_PARM_2,#0x01
037C 758202    1256            mov     dpl,#0x02
037F 120000    1257            lcall   _InitPinADC
0382           1258   ;        D:\Coding\2026\291\lab5\lab5.c:284: InitADC();
0382 120000    1259            lcall   _InitADC
0385           1260   ;        D:\Coding\2026\291\lab5\lab5.c:285: TIMER0_Init();
0385 120000    1261            lcall   _TIMER0_Init
0388           1262   ;        D:\Coding\2026\291\lab5\lab5.c:286: init_pin_input();
0388 120000    1263            lcall   _init_pin_input
038B           1264   ;        D:\Coding\2026\291\lab5\lab5.c:288: while(1){
038B           1265   L014002?:
038B           1266   ;        D:\Coding\2026\291\lab5\lab5.c:289: v2 = read_ripple_voltage(QFP32_MUX_P2_1);
038B 75820E    1267            mov     dpl,#0x0E
038E 120000    1268            lcall   _read_ripple_voltage
0391           1269   ;        D:\Coding\2026\291\lab5\lab5.c:295: period = measure_period();
0391 120000    1270            lcall   _measure_period
0394           1271   ;        D:\Coding\2026\291\lab5\lab5.c:298: waitms(500);
0394 9001F4    1272            mov     dptr,#0x01F4
0397 120000    1273            lcall   _waitms
039A 8000      1274            sjmp    L014002?
039C           1275            rseg R_CSEG
039C           1276   
0000           1277            rseg R_XINIT
0000           1278   
0000           1279            rseg R_CONST
0000           1280   __str_0:
0000 2575      1281            db '%u'
0002 0A        1282            db 0x0A
0003 00        1283            db 0x00
0004           1284   __str_1:
0004 1B        1285            db 0x1B
0005 5B324A    1286            db '[2J'
0008 00        1287            db 0x00
0009           1288   __str_2:
0009 4C616235  1289            db 'Lab5'
000D 0A        1290            db 0x0A
000E 46696C65  1291            db 'File: %s'
     3A202573
0016 0A        1292            db 0x0A
0017 436F6D70  1293            db 'Compiled: %s, %s'
     696C6564
     3A202573
     2C202573
0027 0A        1294            db 0x0A
0028 0A        1295            db 0x0A
0029 00        1296            db 0x00
002A           1297   __str_3:
002A 443A      1298            db 'D:'
002C 5C        1299            db 0x5C
002D 436F6469  1300            db 'Coding'
     6E67
0033 5C        1301            db 0x5C
0034 32303236  1302            db '2026'
0038 5C        1303            db 0x5C
0039 323931    1304            db '291'
003C 5C        1305            db 0x5C
003D 6C616235  1306            db 'lab5'
0041 5C        1307            db 0x5C
0042 6C616235  1308            db 'lab5.c'
     2E63
0048 00        1309            db 0x00
0049           1310   __str_4:
0049 4D617220  1311            db 'Mar  2 2026'
     20322032
     303236
0054 00        1312            db 0x00
0055           1313   __str_5:
0055 31323A32  1314            db '12:25:14'
     353A3134
005D 00        1315            db 0x00
005E           1316   
0003           1317            CSEG
0003           1318   
0003           1319   end
