0000              1   ;--------------------------------------------------------
0000              2   ; File Created by C51
0000              3   ; Version 1.0.0 #1170 (Feb 16 2022) (MSVC)
0000              4   ; This file was generated Mon Mar 02 13:28:41 2026
0000              5   ;--------------------------------------------------------
                  5   $name uart
                  6   $optc51 --model-small
0000              8            R_DSEG    segment data
0000              9            R_CSEG    segment code
0000             10            R_BSEG    segment bit
0000             11            R_XSEG    segment xdata
0000             12            R_PSEG    segment xdata
0000             13            R_ISEG    segment idata
0000             14            R_OSEG    segment data overlay
0000             15            BIT_BANK  segment data overlay
0000             16            R_HOME    segment code
0000             17            R_GSINIT  segment code
0000             18            R_IXSEG   segment xdata
0000             19            R_CONST   segment code
0000             20            R_XINIT   segment code
0000             21            R_DINIT   segment code
0000             22   
0000             23   ;--------------------------------------------------------
0000             24   ; Public variables in this module
0000             25   ;--------------------------------------------------------
0000             26            public _UART0_ISR
0000             27            public _UART_init
0000             28            public _UART_send_char
0000             29            public _UART_send_string
0000             30            public _UART_available
0000             31            public _UART_read
0000             32   ;--------------------------------------------------------
0000             33   ; Special Function Registers
0000             34   ;--------------------------------------------------------
0000             35   _ACC            DATA 0xe0
0000             36   _ADC0ASAH       DATA 0xb6
0000             37   _ADC0ASAL       DATA 0xb5
0000             38   _ADC0ASCF       DATA 0xa1
0000             39   _ADC0ASCT       DATA 0xc7
0000             40   _ADC0CF0        DATA 0xbc
0000             41   _ADC0CF1        DATA 0xb9
0000             42   _ADC0CF2        DATA 0xdf
0000             43   _ADC0CN0        DATA 0xe8
0000             44   _ADC0CN1        DATA 0xb2
0000             45   _ADC0CN2        DATA 0xb3
0000             46   _ADC0GTH        DATA 0xc4
0000             47   _ADC0GTL        DATA 0xc3
0000             48   _ADC0H          DATA 0xbe
0000             49   _ADC0L          DATA 0xbd
0000             50   _ADC0LTH        DATA 0xc6
0000             51   _ADC0LTL        DATA 0xc5
0000             52   _ADC0MX         DATA 0xbb
0000             53   _B              DATA 0xf0
0000             54   _CKCON0         DATA 0x8e
0000             55   _CKCON1         DATA 0xa6
0000             56   _CLEN0          DATA 0xc6
0000             57   _CLIE0          DATA 0xc7
0000             58   _CLIF0          DATA 0xe8
0000             59   _CLKSEL         DATA 0xa9
0000             60   _CLOUT0         DATA 0xd1
0000             61   _CLU0CF         DATA 0xb1
0000             62   _CLU0FN         DATA 0xaf
0000             63   _CLU0MX         DATA 0x84
0000             64   _CLU1CF         DATA 0xb3
0000             65   _CLU1FN         DATA 0xb2
0000             66   _CLU1MX         DATA 0x85
0000             67   _CLU2CF         DATA 0xb6
0000             68   _CLU2FN         DATA 0xb5
0000             69   _CLU2MX         DATA 0x91
0000             70   _CLU3CF         DATA 0xbf
0000             71   _CLU3FN         DATA 0xbe
0000             72   _CLU3MX         DATA 0xae
0000             73   _CMP0CN0        DATA 0x9b
0000             74   _CMP0CN1        DATA 0x99
0000             75   _CMP0MD         DATA 0x9d
0000             76   _CMP0MX         DATA 0x9f
0000             77   _CMP1CN0        DATA 0xbf
0000             78   _CMP1CN1        DATA 0xac
0000             79   _CMP1MD         DATA 0xab
0000             80   _CMP1MX         DATA 0xaa
0000             81   _CRC0CN0        DATA 0xce
0000             82   _CRC0CN1        DATA 0x86
0000             83   _CRC0CNT        DATA 0xd3
0000             84   _CRC0DAT        DATA 0xcb
0000             85   _CRC0FLIP       DATA 0xcf
0000             86   _CRC0IN         DATA 0xca
0000             87   _CRC0ST         DATA 0xd2
0000             88   _DAC0CF0        DATA 0x91
0000             89   _DAC0CF1        DATA 0x92
0000             90   _DAC0H          DATA 0x85
0000             91   _DAC0L          DATA 0x84
0000             92   _DAC1CF0        DATA 0x93
0000             93   _DAC1CF1        DATA 0x94
0000             94   _DAC1H          DATA 0x8a
0000             95   _DAC1L          DATA 0x89
0000             96   _DAC2CF0        DATA 0x95
0000             97   _DAC2CF1        DATA 0x96
0000             98   _DAC2H          DATA 0x8c
0000             99   _DAC2L          DATA 0x8b
0000            100   _DAC3CF0        DATA 0x9a
0000            101   _DAC3CF1        DATA 0x9c
0000            102   _DAC3H          DATA 0x8e
0000            103   _DAC3L          DATA 0x8d
0000            104   _DACGCF0        DATA 0x88
0000            105   _DACGCF1        DATA 0x98
0000            106   _DACGCF2        DATA 0xa2
0000            107   _DERIVID        DATA 0xad
0000            108   _DEVICEID       DATA 0xb5
0000            109   _DPH            DATA 0x83
0000            110   _DPL            DATA 0x82
0000            111   _EIE1           DATA 0xe6
0000            112   _EIE2           DATA 0xf3
0000            113   _EIP1           DATA 0xbb
0000            114   _EIP1H          DATA 0xee
0000            115   _EIP2           DATA 0xed
0000            116   _EIP2H          DATA 0xf6
0000            117   _EMI0CN         DATA 0xe7
0000            118   _FLKEY          DATA 0xb7
0000            119   _HFO0CAL        DATA 0xc7
0000            120   _HFO1CAL        DATA 0xd6
0000            121   _HFOCN          DATA 0xef
0000            122   _I2C0ADM        DATA 0xff
0000            123   _I2C0CN0        DATA 0xba
0000            124   _I2C0DIN        DATA 0xbc
0000            125   _I2C0DOUT       DATA 0xbb
0000            126   _I2C0FCN0       DATA 0xad
0000            127   _I2C0FCN1       DATA 0xab
0000            128   _I2C0FCT        DATA 0xf5
0000            129   _I2C0SLAD       DATA 0xbd
0000            130   _I2C0STAT       DATA 0xb9
0000            131   _IE             DATA 0xa8
0000            132   _IP             DATA 0xb8
0000            133   _IPH            DATA 0xf2
0000            134   _IT01CF         DATA 0xe4
0000            135   _LFO0CN         DATA 0xb1
0000            136   _P0             DATA 0x80
0000            137   _P0MASK         DATA 0xfe
0000            138   _P0MAT          DATA 0xfd
0000            139   _P0MDIN         DATA 0xf1
0000            140   _P0MDOUT        DATA 0xa4
0000            141   _P0SKIP         DATA 0xd4
0000            142   _P1             DATA 0x90
0000            143   _P1MASK         DATA 0xee
0000            144   _P1MAT          DATA 0xed
0000            145   _P1MDIN         DATA 0xf2
0000            146   _P1MDOUT        DATA 0xa5
0000            147   _P1SKIP         DATA 0xd5
0000            148   _P2             DATA 0xa0
0000            149   _P2MASK         DATA 0xfc
0000            150   _P2MAT          DATA 0xfb
0000            151   _P2MDIN         DATA 0xf3
0000            152   _P2MDOUT        DATA 0xa6
0000            153   _P2SKIP         DATA 0xcc
0000            154   _P3             DATA 0xb0
0000            155   _P3MDIN         DATA 0xf4
0000            156   _P3MDOUT        DATA 0x9c
0000            157   _PCA0CENT       DATA 0x9e
0000            158   _PCA0CLR        DATA 0x9c
0000            159   _PCA0CN0        DATA 0xd8
0000            160   _PCA0CPH0       DATA 0xfc
0000            161   _PCA0CPH1       DATA 0xea
0000            162   _PCA0CPH2       DATA 0xec
0000            163   _PCA0CPH3       DATA 0xf5
0000            164   _PCA0CPH4       DATA 0x85
0000            165   _PCA0CPH5       DATA 0xde
0000            166   _PCA0CPL0       DATA 0xfb
0000            167   _PCA0CPL1       DATA 0xe9
0000            168   _PCA0CPL2       DATA 0xeb
0000            169   _PCA0CPL3       DATA 0xf4
0000            170   _PCA0CPL4       DATA 0x84
0000            171   _PCA0CPL5       DATA 0xdd
0000            172   _PCA0CPM0       DATA 0xda
0000            173   _PCA0CPM1       DATA 0xdb
0000            174   _PCA0CPM2       DATA 0xdc
0000            175   _PCA0CPM3       DATA 0xae
0000            176   _PCA0CPM4       DATA 0xaf
0000            177   _PCA0CPM5       DATA 0xcc
0000            178   _PCA0H          DATA 0xfa
0000            179   _PCA0L          DATA 0xf9
0000            180   _PCA0MD         DATA 0xd9
0000            181   _PCA0POL        DATA 0x96
0000            182   _PCA0PWM        DATA 0xf7
0000            183   _PCON0          DATA 0x87
0000            184   _PCON1          DATA 0xcd
0000            185   _PFE0CN         DATA 0xc1
0000            186   _PRTDRV         DATA 0xf6
0000            187   _PSCTL          DATA 0x8f
0000            188   _PSTAT0         DATA 0xaa
0000            189   _PSW            DATA 0xd0
0000            190   _REF0CN         DATA 0xd1
0000            191   _REG0CN         DATA 0xc9
0000            192   _REVID          DATA 0xb6
0000            193   _RSTSRC         DATA 0xef
0000            194   _SBCON1         DATA 0x94
0000            195   _SBRLH1         DATA 0x96
0000            196   _SBRLL1         DATA 0x95
0000            197   _SBUF           DATA 0x99
0000            198   _SBUF0          DATA 0x99
0000            199   _SBUF1          DATA 0x92
0000            200   _SCON           DATA 0x98
0000            201   _SCON0          DATA 0x98
0000            202   _SCON1          DATA 0xc8
0000            203   _SFRPAGE        DATA 0xa7
0000            204   _SFRPGCN        DATA 0xbc
0000            205   _SFRSTACK       DATA 0xd7
0000            206   _SMB0ADM        DATA 0xd6
0000            207   _SMB0ADR        DATA 0xd7
0000            208   _SMB0CF         DATA 0xc1
0000            209   _SMB0CN0        DATA 0xc0
0000            210   _SMB0DAT        DATA 0xc2
0000            211   _SMB0FCN0       DATA 0xc3
0000            212   _SMB0FCN1       DATA 0xc4
0000            213   _SMB0FCT        DATA 0xef
0000            214   _SMB0RXLN       DATA 0xc5
0000            215   _SMB0TC         DATA 0xac
0000            216   _SMOD1          DATA 0x93
0000            217   _SP             DATA 0x81
0000            218   _SPI0CFG        DATA 0xa1
0000            219   _SPI0CKR        DATA 0xa2
0000            220   _SPI0CN0        DATA 0xf8
0000            221   _SPI0DAT        DATA 0xa3
0000            222   _SPI0FCN0       DATA 0x9a
0000            223   _SPI0FCN1       DATA 0x9b
0000            224   _SPI0FCT        DATA 0xf7
0000            225   _SPI0PCF        DATA 0xdf
0000            226   _TCON           DATA 0x88
0000            227   _TH0            DATA 0x8c
0000            228   _TH1            DATA 0x8d
0000            229   _TL0            DATA 0x8a
0000            230   _TL1            DATA 0x8b
0000            231   _TMOD           DATA 0x89
0000            232   _TMR2CN0        DATA 0xc8
0000            233   _TMR2CN1        DATA 0xfd
0000            234   _TMR2H          DATA 0xcf
0000            235   _TMR2L          DATA 0xce
0000            236   _TMR2RLH        DATA 0xcb
0000            237   _TMR2RLL        DATA 0xca
0000            238   _TMR3CN0        DATA 0x91
0000            239   _TMR3CN1        DATA 0xfe
0000            240   _TMR3H          DATA 0x95
0000            241   _TMR3L          DATA 0x94
0000            242   _TMR3RLH        DATA 0x93
0000            243   _TMR3RLL        DATA 0x92
0000            244   _TMR4CN0        DATA 0x98
0000            245   _TMR4CN1        DATA 0xff
0000            246   _TMR4H          DATA 0xa5
0000            247   _TMR4L          DATA 0xa4
0000            248   _TMR4RLH        DATA 0xa3
0000            249   _TMR4RLL        DATA 0xa2
0000            250   _TMR5CN0        DATA 0xc0
0000            251   _TMR5CN1        DATA 0xf1
0000            252   _TMR5H          DATA 0xd5
0000            253   _TMR5L          DATA 0xd4
0000            254   _TMR5RLH        DATA 0xd3
0000            255   _TMR5RLL        DATA 0xd2
0000            256   _UART0PCF       DATA 0xd9
0000            257   _UART1FCN0      DATA 0x9d
0000            258   _UART1FCN1      DATA 0xd8
0000            259   _UART1FCT       DATA 0xfa
0000            260   _UART1LIN       DATA 0x9e
0000            261   _UART1PCF       DATA 0xda
0000            262   _VDM0CN         DATA 0xff
0000            263   _WDTCN          DATA 0x97
0000            264   _XBR0           DATA 0xe1
0000            265   _XBR1           DATA 0xe2
0000            266   _XBR2           DATA 0xe3
0000            267   _XOSC0CN        DATA 0x86
0000            268   _DPTR           DATA 0x8382
0000            269   _TMR2RL         DATA 0xcbca
0000            270   _TMR3RL         DATA 0x9392
0000            271   _TMR4RL         DATA 0xa3a2
0000            272   _TMR5RL         DATA 0xd3d2
0000            273   _TMR0           DATA 0x8c8a
0000            274   _TMR1           DATA 0x8d8b
0000            275   _TMR2           DATA 0xcfce
0000            276   _TMR3           DATA 0x9594
0000            277   _TMR4           DATA 0xa5a4
0000            278   _TMR5           DATA 0xd5d4
0000            279   _SBRL1          DATA 0x9695
0000            280   _PCA0           DATA 0xfaf9
0000            281   _PCA0CP0        DATA 0xfcfb
0000            282   _PCA0CP1        DATA 0xeae9
0000            283   _PCA0CP2        DATA 0xeceb
0000            284   _PCA0CP3        DATA 0xf5f4
0000            285   _PCA0CP4        DATA 0x8584
0000            286   _PCA0CP5        DATA 0xdedd
0000            287   _ADC0ASA        DATA 0xb6b5
0000            288   _ADC0GT         DATA 0xc4c3
0000            289   _ADC0           DATA 0xbebd
0000            290   _ADC0LT         DATA 0xc6c5
0000            291   _DAC0           DATA 0x8584
0000            292   _DAC1           DATA 0x8a89
0000            293   _DAC2           DATA 0x8c8b
0000            294   _DAC3           DATA 0x8e8d
0000            295   ;--------------------------------------------------------
0000            296   ; special function bits
0000            297   ;--------------------------------------------------------
0000            298   _ACC_0          BIT 0xe0
0000            299   _ACC_1          BIT 0xe1
0000            300   _ACC_2          BIT 0xe2
0000            301   _ACC_3          BIT 0xe3
0000            302   _ACC_4          BIT 0xe4
0000            303   _ACC_5          BIT 0xe5
0000            304   _ACC_6          BIT 0xe6
0000            305   _ACC_7          BIT 0xe7
0000            306   _TEMPE          BIT 0xe8
0000            307   _ADGN0          BIT 0xe9
0000            308   _ADGN1          BIT 0xea
0000            309   _ADWINT         BIT 0xeb
0000            310   _ADBUSY         BIT 0xec
0000            311   _ADINT          BIT 0xed
0000            312   _IPOEN          BIT 0xee
0000            313   _ADEN           BIT 0xef
0000            314   _B_0            BIT 0xf0
0000            315   _B_1            BIT 0xf1
0000            316   _B_2            BIT 0xf2
0000            317   _B_3            BIT 0xf3
0000            318   _B_4            BIT 0xf4
0000            319   _B_5            BIT 0xf5
0000            320   _B_6            BIT 0xf6
0000            321   _B_7            BIT 0xf7
0000            322   _C0FIF          BIT 0xe8
0000            323   _C0RIF          BIT 0xe9
0000            324   _C1FIF          BIT 0xea
0000            325   _C1RIF          BIT 0xeb
0000            326   _C2FIF          BIT 0xec
0000            327   _C2RIF          BIT 0xed
0000            328   _C3FIF          BIT 0xee
0000            329   _C3RIF          BIT 0xef
0000            330   _D1SRC0         BIT 0x88
0000            331   _D1SRC1         BIT 0x89
0000            332   _D1AMEN         BIT 0x8a
0000            333   _D01REFSL       BIT 0x8b
0000            334   _D3SRC0         BIT 0x8c
0000            335   _D3SRC1         BIT 0x8d
0000            336   _D3AMEN         BIT 0x8e
0000            337   _D23REFSL       BIT 0x8f
0000            338   _D0UDIS         BIT 0x98
0000            339   _D1UDIS         BIT 0x99
0000            340   _D2UDIS         BIT 0x9a
0000            341   _D3UDIS         BIT 0x9b
0000            342   _EX0            BIT 0xa8
0000            343   _ET0            BIT 0xa9
0000            344   _EX1            BIT 0xaa
0000            345   _ET1            BIT 0xab
0000            346   _ES0            BIT 0xac
0000            347   _ET2            BIT 0xad
0000            348   _ESPI0          BIT 0xae
0000            349   _EA             BIT 0xaf
0000            350   _PX0            BIT 0xb8
0000            351   _PT0            BIT 0xb9
0000            352   _PX1            BIT 0xba
0000            353   _PT1            BIT 0xbb
0000            354   _PS0            BIT 0xbc
0000            355   _PT2            BIT 0xbd
0000            356   _PSPI0          BIT 0xbe
0000            357   _P0_0           BIT 0x80
0000            358   _P0_1           BIT 0x81
0000            359   _P0_2           BIT 0x82
0000            360   _P0_3           BIT 0x83
0000            361   _P0_4           BIT 0x84
0000            362   _P0_5           BIT 0x85
0000            363   _P0_6           BIT 0x86
0000            364   _P0_7           BIT 0x87
0000            365   _P1_0           BIT 0x90
0000            366   _P1_1           BIT 0x91
0000            367   _P1_2           BIT 0x92
0000            368   _P1_3           BIT 0x93
0000            369   _P1_4           BIT 0x94
0000            370   _P1_5           BIT 0x95
0000            371   _P1_6           BIT 0x96
0000            372   _P1_7           BIT 0x97
0000            373   _P2_0           BIT 0xa0
0000            374   _P2_1           BIT 0xa1
0000            375   _P2_2           BIT 0xa2
0000            376   _P2_3           BIT 0xa3
0000            377   _P2_4           BIT 0xa4
0000            378   _P2_5           BIT 0xa5
0000            379   _P2_6           BIT 0xa6
0000            380   _P3_0           BIT 0xb0
0000            381   _P3_1           BIT 0xb1
0000            382   _P3_2           BIT 0xb2
0000            383   _P3_3           BIT 0xb3
0000            384   _P3_4           BIT 0xb4
0000            385   _P3_7           BIT 0xb7
0000            386   _CCF0           BIT 0xd8
0000            387   _CCF1           BIT 0xd9
0000            388   _CCF2           BIT 0xda
0000            389   _CCF3           BIT 0xdb
0000            390   _CCF4           BIT 0xdc
0000            391   _CCF5           BIT 0xdd
0000            392   _CR             BIT 0xde
0000            393   _CF             BIT 0xdf
0000            394   _PARITY         BIT 0xd0
0000            395   _F1             BIT 0xd1
0000            396   _OV             BIT 0xd2
0000            397   _RS0            BIT 0xd3
0000            398   _RS1            BIT 0xd4
0000            399   _F0             BIT 0xd5
0000            400   _AC             BIT 0xd6
0000            401   _CY             BIT 0xd7
0000            402   _RI             BIT 0x98
0000            403   _TI             BIT 0x99
0000            404   _RB8            BIT 0x9a
0000            405   _TB8            BIT 0x9b
0000            406   _REN            BIT 0x9c
0000            407   _CE             BIT 0x9d
0000            408   _SMODE          BIT 0x9e
0000            409   _RI1            BIT 0xc8
0000            410   _TI1            BIT 0xc9
0000            411   _RBX1           BIT 0xca
0000            412   _TBX1           BIT 0xcb
0000            413   _REN1           BIT 0xcc
0000            414   _PERR1          BIT 0xcd
0000            415   _OVR1           BIT 0xce
0000            416   _SI             BIT 0xc0
0000            417   _ACK            BIT 0xc1
0000            418   _ARBLOST        BIT 0xc2
0000            419   _ACKRQ          BIT 0xc3
0000            420   _STO            BIT 0xc4
0000            421   _STA            BIT 0xc5
0000            422   _TXMODE         BIT 0xc6
0000            423   _MASTER         BIT 0xc7
0000            424   _SPIEN          BIT 0xf8
0000            425   _TXNF           BIT 0xf9
0000            426   _NSSMD0         BIT 0xfa
0000            427   _NSSMD1         BIT 0xfb
0000            428   _RXOVRN         BIT 0xfc
0000            429   _MODF           BIT 0xfd
0000            430   _WCOL           BIT 0xfe
0000            431   _SPIF           BIT 0xff
0000            432   _IT0            BIT 0x88
0000            433   _IE0            BIT 0x89
0000            434   _IT1            BIT 0x8a
0000            435   _IE1            BIT 0x8b
0000            436   _TR0            BIT 0x8c
0000            437   _TF0            BIT 0x8d
0000            438   _TR1            BIT 0x8e
0000            439   _TF1            BIT 0x8f
0000            440   _T2XCLK0        BIT 0xc8
0000            441   _T2XCLK1        BIT 0xc9
0000            442   _TR2            BIT 0xca
0000            443   _T2SPLIT        BIT 0xcb
0000            444   _TF2CEN         BIT 0xcc
0000            445   _TF2LEN         BIT 0xcd
0000            446   _TF2L           BIT 0xce
0000            447   _TF2H           BIT 0xcf
0000            448   _T4XCLK0        BIT 0x98
0000            449   _T4XCLK1        BIT 0x99
0000            450   _TR4            BIT 0x9a
0000            451   _T4SPLIT        BIT 0x9b
0000            452   _TF4CEN         BIT 0x9c
0000            453   _TF4LEN         BIT 0x9d
0000            454   _TF4L           BIT 0x9e
0000            455   _TF4H           BIT 0x9f
0000            456   _T5XCLK0        BIT 0xc0
0000            457   _T5XCLK1        BIT 0xc1
0000            458   _TR5            BIT 0xc2
0000            459   _T5SPLIT        BIT 0xc3
0000            460   _TF5CEN         BIT 0xc4
0000            461   _TF5LEN         BIT 0xc5
0000            462   _TF5L           BIT 0xc6
0000            463   _TF5H           BIT 0xc7
0000            464   _RIE            BIT 0xd8
0000            465   _RXTO0          BIT 0xd9
0000            466   _RXTO1          BIT 0xda
0000            467   _RFRQ           BIT 0xdb
0000            468   _TIE            BIT 0xdc
0000            469   _TXHOLD         BIT 0xdd
0000            470   _TXNF1          BIT 0xde
0000            471   _TFRQ           BIT 0xdf
0000            472   ;--------------------------------------------------------
0000            473   ; overlayable register banks
0000            474   ;--------------------------------------------------------
0000            475            rbank0 segment data overlay
0000            476   ;--------------------------------------------------------
0000            477   ; overlayable bit register bank
0000            478   ;--------------------------------------------------------
0000            479            rseg BIT_BANK
0000            480   bits:
0000            481            ds 1
0001            482            b0 equ  bits.0 
0001            483            b1 equ  bits.1 
0001            484            b2 equ  bits.2 
0001            485            b3 equ  bits.3 
0001            486            b4 equ  bits.4 
0001            487            b5 equ  bits.5 
0001            488            b6 equ  bits.6 
0001            489            b7 equ  bits.7 
0001            490   ;--------------------------------------------------------
0001            491   ; internal ram data
0001            492   ;--------------------------------------------------------
0000            493            rseg R_DSEG
0000            494   _tx_head:
0000            495            ds 1
0001            496   _tx_tail:
0001            497            ds 1
0002            498   _rx_head:
0002            499            ds 1
0003            500   _rx_tail:
0003            501            ds 1
0004            502   ;--------------------------------------------------------
0004            503   ; overlayable items in internal ram 
0004            504   ;--------------------------------------------------------
0000            505            rseg R_OSEG
0000            506   ;--------------------------------------------------------
0000            507   ; indirectly addressable internal ram data
0000            508   ;--------------------------------------------------------
0000            509            rseg R_ISEG
0000            510   ;--------------------------------------------------------
0000            511   ; absolute internal ram data
0000            512   ;--------------------------------------------------------
0000            513            DSEG
0000            514   ;--------------------------------------------------------
0000            515   ; bit data
0000            516   ;--------------------------------------------------------
0000            517            rseg R_BSEG
0000            518   _tx_busy:
0000            519            DBIT    1
0001            520   _UART_available_sloc0_1_0:
0001            521            DBIT    1
0002            522   ;--------------------------------------------------------
0002            523   ; paged external ram data
0002            524   ;--------------------------------------------------------
0000            525            rseg R_PSEG
0000            526   ;--------------------------------------------------------
0000            527   ; external ram data
0000            528   ;--------------------------------------------------------
0000            529            rseg R_XSEG
0000            530   _tx_buf:
0000            531            ds 64
0040            532   _rx_buf:
0040            533            ds 64
0080            534   ;--------------------------------------------------------
0080            535   ; absolute external ram data
0080            536   ;--------------------------------------------------------
0000            537            XSEG
0000            538   ;--------------------------------------------------------
0000            539   ; external initialized ram data
0000            540   ;--------------------------------------------------------
0000            541            rseg R_IXSEG
0000            542            rseg R_HOME
0000            543            rseg R_GSINIT
0000            544            rseg R_CSEG
0000            545   ;--------------------------------------------------------
0000            546   ; Interrupt vectors
0000            547   ;--------------------------------------------------------
0023            548            CSEG at 0x0023
0023 020000     549            ljmp    _UART0_ISR
0026            550   ;--------------------------------------------------------
0026            551   ; global & static initialisations
0026            552   ;--------------------------------------------------------
0000            553            rseg R_HOME
0000            554            rseg R_GSINIT
0000            555            rseg R_GSINIT
0000            556   ;--------------------------------------------------------
0000            557   ; data variables initialization
0000            558   ;--------------------------------------------------------
0000            559            rseg R_DINIT
0000            560   ;        src/uart.c:6: static unsigned char tx_head = 0;
0000 754000     561            mov     _tx_head,#0x00
0003            562   ;        src/uart.c:7: static unsigned char tx_tail = 0;
0003 758000     563            mov     _tx_tail,#0x00
0006            564   ;        src/uart.c:12: static unsigned char rx_head = 0;
0006 75C000     565            mov     _rx_head,#0x00
0009            566   ;        src/uart.c:13: static unsigned char rx_tail = 0; 
0009 750000     567            mov     _rx_tail,#0x00
000C            568   ;        src/uart.c:8: static bit tx_busy = 0;
000C C240       569            clr     _tx_busy
000E            570            ; The linker places a 'ret' at the end of segment R_DINIT.
000E            571   ;--------------------------------------------------------
000E            572   ; code
000E            573   ;--------------------------------------------------------
0000            574            rseg R_CSEG
0000            575   ;------------------------------------------------------------
0000            576   ;Allocation info for local variables in function 'UART_init'
0000            577   ;------------------------------------------------------------
0000            578   ;------------------------------------------------------------
0000            579   ;        src/uart.c:15: void UART_init(void) {
0000            580   ;        -----------------------------------------
0000            581   ;         function UART_init
0000            582   ;        -----------------------------------------
0000            583   _UART_init:
0000            584            using   0
0000            585   ;        src/uart.c:16: ES0 = 1;
0000 D2AC       586            setb    _ES0
0002            587   ;        src/uart.c:17: EA = 1;
0002 D2AF       588            setb    _EA
0004 22         589            ret
0005            590   ;------------------------------------------------------------
0005            591   ;Allocation info for local variables in function 'UART0_ISR'
0005            592   ;------------------------------------------------------------
0005            593   ;------------------------------------------------------------
0005            594   ;        src/uart.c:20: void UART0_ISR(void) __interrupt(4) {
0005            595   ;        -----------------------------------------
0005            596   ;         function UART0_ISR
0005            597   ;        -----------------------------------------
0005            598   _UART0_ISR:
0005 C040       599            push    bits
0007 C0E0       600            push    acc
0009 C0F0       601            push    b
000B C082       602            push    dpl
000D C083       603            push    dph
000F C002       604            push    (0+2)
0011 C003       605            push    (0+3)
0013 C004       606            push    (0+4)
0015 C005       607            push    (0+5)
0017 C006       608            push    (0+6)
0019 C007       609            push    (0+7)
001B C000       610            push    (0+0)
001D C001       611            push    (0+1)
001F C0D0       612            push    psw
0021 75D000     613            mov     psw,#0x00
0024            614   ;        src/uart.c:21: if (RI) { // received a byte -> 1
0024            615   ;        src/uart.c:22: RI = 0;
0024 109890     616            jbc     _RI,L003013?
0027 8000       617            sjmp    L003002?
0029            618   L003013?:
0029            619   ;        src/uart.c:23: rx_buf[rx_head] = SBUF;
0029 E5C0       620            mov     a,_rx_head
002B 2410       621            add     a,#_rx_buf
002D F582       622            mov     dpl,a
002F E4         623            clr     a
0030 34B4       624            addc    a,#(_rx_buf >> 8)
0032 F583       625            mov     dph,a
0034 E599       626            mov     a,_SBUF
0036 F0         627            movx    @dptr,a
0037            628   ;        src/uart.c:24: rx_head = (rx_head + 1) % TX_BUF_SIZE;
0037 AAC0       629            mov     r2,_rx_head
0039 7B00       630            mov     r3,#0x00
003B 8A82       631            mov     dpl,r2
003D 8B83       632            mov     dph,r3
003F A3         633            inc     dptr
0040 750040     634            mov     __modsint_PARM_2,#0x40
0043 E4         635            clr     a
0044 F501       636            mov     (__modsint_PARM_2 + 1),a
0046 120000     637            lcall   __modsint
0049 AA82       638            mov     r2,dpl
004B AB83       639            mov     r3,dph
004D 8AC0       640            mov     _rx_head,r2
004F            641   L003002?:
004F            642   ;        src/uart.c:27: if (TI) {
004F            643   ;        src/uart.c:28: TI = 0;
004F 1099A0     644            jbc     _TI,L003014?
0052 8000       645            sjmp    L003008?
0054            646   L003014?:
0054            647   ;        src/uart.c:29: if (tx_tail != tx_head) {
0054 E540       648            mov     a,_tx_head
0056 B58020     649            cjne    a,_tx_tail,L003015?
0059 8000       650            sjmp    L003004?
005B            651   L003015?:
005B            652   ;        src/uart.c:30: SBUF = tx_buf[tx_tail];
005B E580       653            mov     a,_tx_tail
005D 24D0       654            add     a,#_tx_buf
005F F582       655            mov     dpl,a
0061 E4         656            clr     a
0062 34B3       657            addc    a,#(_tx_buf >> 8)
0064 F583       658            mov     dph,a
0066 E0         659            movx    a,@dptr
0067 F599       660            mov     _SBUF,a
0069            661   ;        src/uart.c:31: tx_tail = (tx_tail + 1) % TX_BUF_SIZE;
0069 AA80       662            mov     r2,_tx_tail
006B 7B00       663            mov     r3,#0x00
006D 8A82       664            mov     dpl,r2
006F 8B83       665            mov     dph,r3
0071 A3         666            inc     dptr
0072 750040     667            mov     __modsint_PARM_2,#0x40
0075 E4         668            clr     a
0076 F501       669            mov     (__modsint_PARM_2 + 1),a
0078 120000     670            lcall   __modsint
007B AA82       671            mov     r2,dpl
007D AB83       672            mov     r3,dph
007F 8A80       673            mov     _tx_tail,r2
0081 8000       674            sjmp    L003008?
0083            675   L003004?:
0083            676   ;        src/uart.c:34: tx_busy = 0;
0083 C240       677            clr     _tx_busy
0085            678   L003008?:
0085 D0D0       679            pop     psw
0087 D001       680            pop     (0+1)
0089 D000       681            pop     (0+0)
008B D007       682            pop     (0+7)
008D D006       683            pop     (0+6)
008F D005       684            pop     (0+5)
0091 D004       685            pop     (0+4)
0093 D003       686            pop     (0+3)
0095 D002       687            pop     (0+2)
0097 D083       688            pop     dph
0099 D082       689            pop     dpl
009B D0F0       690            pop     b
009D D0E0       691            pop     acc
009F D040       692            pop     bits
00A1 32         693            reti
00A2            694   ;------------------------------------------------------------
00A2            695   ;Allocation info for local variables in function 'UART_send_char'
00A2            696   ;------------------------------------------------------------
00A2            697   ;c                         Allocated to registers r2 
00A2            698   ;------------------------------------------------------------
00A2            699   ;        src/uart.c:39: void UART_send_char(char c)
00A2            700   ;        -----------------------------------------
00A2            701   ;         function UART_send_char
00A2            702   ;        -----------------------------------------
00A2            703   _UART_send_char:
00A2 AA82       704            mov     r2,dpl
00A4            705   ;        src/uart.c:42: while (((tx_head + 1) % TX_BUF_SIZE) == tx_tail);
00A4            706   L004001?:
00A4 AB40       707            mov     r3,_tx_head
00A6 7C00       708            mov     r4,#0x00
00A8 8B82       709            mov     dpl,r3
00AA 8C83       710            mov     dph,r4
00AC A3         711            inc     dptr
00AD 750040     712            mov     __modsint_PARM_2,#0x40
00B0 E4         713            clr     a
00B1 F501       714            mov     (__modsint_PARM_2 + 1),a
00B3 C002       715            push    ar2
00B5 C003       716            push    ar3
00B7 C004       717            push    ar4
00B9 120000     718            lcall   __modsint
00BC AD82       719            mov     r5,dpl
00BE AE83       720            mov     r6,dph
00C0 D004       721            pop     ar4
00C2 D003       722            pop     ar3
00C4 D002       723            pop     ar2
00C6 AF80       724            mov     r7,_tx_tail
00C8 7800       725            mov     r0,#0x00
00CA ED         726            mov     a,r5
00CB B507E0     727            cjne    a,ar7,L004011?
00CE EE         728            mov     a,r6
00CF B500E0     729            cjne    a,ar0,L004011?
00D2 8000       730            sjmp    L004001?
00D4            731   L004011?:
00D4            732   ;        src/uart.c:44: EA = 0;
00D4 C2AF       733            clr     _EA
00D6            734   ;        src/uart.c:45: tx_buf[tx_head] = c;
00D6 E540       735            mov     a,_tx_head
00D8 24D0       736            add     a,#_tx_buf
00DA F582       737            mov     dpl,a
00DC E4         738            clr     a
00DD 34B3       739            addc    a,#(_tx_buf >> 8)
00DF F583       740            mov     dph,a
00E1 EA         741            mov     a,r2
00E2 F0         742            movx    @dptr,a
00E3            743   ;        src/uart.c:46: tx_head = (tx_head + 1) % TX_BUF_SIZE;
00E3 8B82       744            mov     dpl,r3
00E5 8C83       745            mov     dph,r4
00E7 A3         746            inc     dptr
00E8 750040     747            mov     __modsint_PARM_2,#0x40
00EB E4         748            clr     a
00EC F501       749            mov     (__modsint_PARM_2 + 1),a
00EE 120000     750            lcall   __modsint
00F1 AA82       751            mov     r2,dpl
00F3 AB83       752            mov     r3,dph
00F5 8A40       753            mov     _tx_head,r2
00F7            754   ;        src/uart.c:48: if (!tx_busy)
00F7 204020     755            jb      _tx_busy,L004005?
00FA            756   ;        src/uart.c:50: tx_busy = 1;
00FA D240       757            setb    _tx_busy
00FC            758   ;        src/uart.c:51: TI = 1;   // Kick-start the ISR
00FC D299       759            setb    _TI
00FE            760   L004005?:
00FE            761   ;        src/uart.c:53: EA = 1;
00FE D2AF       762            setb    _EA
0100 22         763            ret
0101            764   ;------------------------------------------------------------
0101            765   ;Allocation info for local variables in function 'UART_send_string'
0101            766   ;------------------------------------------------------------
0101            767   ;s                         Allocated to registers r2 r3 r4 
0101            768   ;------------------------------------------------------------
0101            769   ;        src/uart.c:56: void UART_send_string(const char *s)
0101            770   ;        -----------------------------------------
0101            771   ;         function UART_send_string
0101            772   ;        -----------------------------------------
0101            773   _UART_send_string:
0101 AA82       774            mov     r2,dpl
0103 AB83       775            mov     r3,dph
0105 ACF0       776            mov     r4,b
0107            777   ;        src/uart.c:58: while (*s)
0107            778   L005001?:
0107 8A82       779            mov     dpl,r2
0109 8B83       780            mov     dph,r3
010B 8CF0       781            mov     b,r4
010D 120000     782            lcall   __gptrget
0110 FD         783            mov     r5,a
0111 6000       784            jz      L005004?
0113            785   ;        src/uart.c:60: UART_send_char(*s++);
0113 8D82       786            mov     dpl,r5
0115 0A         787            inc     r2
0116 BA0020     788            cjne    r2,#0x00,L005010?
0119 0B         789            inc     r3
011A            790   L005010?:
011A C002       791            push    ar2
011C C003       792            push    ar3
011E C004       793            push    ar4
0120 120000     794            lcall   _UART_send_char
0123 D004       795            pop     ar4
0125 D003       796            pop     ar3
0127 D002       797            pop     ar2
0129 8000       798            sjmp    L005001?
012B            799   L005004?:
012B 22         800            ret
012C            801   ;------------------------------------------------------------
012C            802   ;Allocation info for local variables in function 'UART_available'
012C            803   ;------------------------------------------------------------
012C            804   ;------------------------------------------------------------
012C            805   ;        src/uart.c:64: bit UART_available(void) {
012C            806   ;        -----------------------------------------
012C            807   ;         function UART_available
012C            808   ;        -----------------------------------------
012C            809   _UART_available:
012C            810   ;        src/uart.c:65: return (rx_head != rx_tail);
012C E500       811            mov     a,_rx_tail
012E B5C060     812            cjne    a,_rx_head,L006003?
0131 D3         813            setb    c
0132 8000       814            sjmp    L006004?
0134            815   L006003?:
0134 C3         816            clr     c
0135            817   L006004?:
0135 9290       818            mov  _UART_available_sloc0_1_0,c
0137 B3         819            cpl     c
0138 22         820            ret
0139            821   ;------------------------------------------------------------
0139            822   ;Allocation info for local variables in function 'UART_read'
0139            823   ;------------------------------------------------------------
0139            824   ;c                         Allocated to registers r2 
0139            825   ;------------------------------------------------------------
0139            826   ;        src/uart.c:68: char UART_read(void) {
0139            827   ;        -----------------------------------------
0139            828   ;         function UART_read
0139            829   ;        -----------------------------------------
0139            830   _UART_read:
0139            831   ;        src/uart.c:70: while (!UART_available());
0139            832   L007001?:
0139 120000     833            lcall   _UART_available
013C 5000       834            jnc     L007001?
013E            835   ;        src/uart.c:71: c = rx_buf[rx_tail];
013E E500       836            mov     a,_rx_tail
0140 2410       837            add     a,#_rx_buf
0142 F582       838            mov     dpl,a
0144 E4         839            clr     a
0145 34B4       840            addc    a,#(_rx_buf >> 8)
0147 F583       841            mov     dph,a
0149 E0         842            movx    a,@dptr
014A FA         843            mov     r2,a
014B            844   ;        src/uart.c:72: rx_tail = (rx_tail + 1) % RX_BUF_SIZE;
014B AB00       845            mov     r3,_rx_tail
014D 7C00       846            mov     r4,#0x00
014F 8B82       847            mov     dpl,r3
0151 8C83       848            mov     dph,r4
0153 A3         849            inc     dptr
0154 750040     850            mov     __modsint_PARM_2,#0x40
0157 E4         851            clr     a
0158 F501       852            mov     (__modsint_PARM_2 + 1),a
015A C002       853            push    ar2
015C 120000     854            lcall   __modsint
015F AB82       855            mov     r3,dpl
0161 D002       856            pop     ar2
0163 8B00       857            mov     _rx_tail,r3
0165            858   ;        src/uart.c:73: return c;
0165 8A82       859            mov     dpl,r2
0167 22         860            ret
0168            861            rseg R_CSEG
0168            862   
0000            863            rseg R_XINIT
0000            864   
0000            865            rseg R_CONST
0000            866   
0026            867            CSEG
0026            868   
0026            869   end
